"../../../Engine/Content/EditorResources/S_Actor.ubulk" 0
"../../../Engine/Content/EditorResources/S_Actor.uasset" 1
"../../../Engine/Content/EditorResources/S_Actor.uexp" 2
"../../../Engine/Content/EditorResources/S_BoxReflectionCapture.uasset" 3
"../../../Engine/Content/EditorResources/S_BoxReflectionCapture.uexp" 4
"../../../Engine/Content/EngineResources/DefaultTexture.ubulk" 5
"../../../Engine/Content/EngineResources/DefaultTexture.uasset" 6
"../../../Engine/Content/EngineResources/DefaultTexture.uexp" 7
"../../../Engine/Content/EngineResources/DefaultTextureCube.uasset" 8
"../../../Engine/Content/EngineResources/DefaultTextureCube.uexp" 9
"../../../Engine/Content/EngineResources/DefaultVolumeTexture2D.uasset" 10
"../../../Engine/Content/EngineResources/DefaultVolumeTexture2D.uexp" 11
"../../../Engine/Content/EngineResources/DefaultVolumeTexture.uasset" 12
"../../../Engine/Content/EngineResources/DefaultVolumeTexture.uexp" 13
"../../../Engine/Content/EditorResources/S_Trigger.ubulk" 14
"../../../Engine/Content/EditorResources/S_Trigger.uasset" 15
"../../../Engine/Content/EditorResources/S_Trigger.uexp" 16
"../../../Engine/Content/EditorResources/S_TriggerBox.uasset" 17
"../../../Engine/Content/EditorResources/S_TriggerBox.uexp" 18
"../../../Engine/Content/EditorResources/S_TriggerCapsule.uasset" 19
"../../../Engine/Content/EditorResources/S_TriggerCapsule.uexp" 20
"../../../Engine/Content/EditorResources/S_TriggerSphere.uasset" 21
"../../../Engine/Content/EditorResources/S_TriggerSphere.uexp" 22
"../../../Engine/Content/EngineMeshes/Sphere.ubulk" 23
"../../../Engine/Content/EngineMeshes/Sphere.uasset" 24
"../../../Engine/Content/EngineMeshes/Sphere.uexp" 25
"../../../Engine/Content/EngineResources/GradientTexture0.uasset" 26
"../../../Engine/Content/EngineResources/GradientTexture0.uexp" 27
"../../../Engine/Content/EngineResources/Black.uasset" 28
"../../../Engine/Content/EngineResources/Black.uexp" 29
"../../../Engine/Content/VREditor/LaserPointer/VR_LaserPower_01.ubulk" 30
"../../../Engine/Content/VREditor/LaserPointer/VR_LaserPower_01.uasset" 31
"../../../Engine/Content/VREditor/LaserPointer/VR_LaserPower_01.uexp" 32
"../../../Engine/Content/VREditor/TransformGizmo/TransformGizmoMaterial.uasset" 33
"../../../Engine/Content/VREditor/TransformGizmo/TransformGizmoMaterial.uexp" 34
"../../../Engine/Content/VREditor/TransformGizmo/TranslucentTransformGizmoMaterial.uasset" 35
"../../../Engine/Content/VREditor/TransformGizmo/TranslucentTransformGizmoMaterial.uexp" 36
"../../../Engine/Content/VREditor/TransformGizmo/BoundingBoxCorner.ubulk" 37
"../../../Engine/Content/VREditor/TransformGizmo/BoundingBoxCorner.uasset" 38
"../../../Engine/Content/VREditor/TransformGizmo/BoundingBoxCorner.uexp" 39
"../../../Engine/Content/VREditor/TransformGizmo/BoundingBoxEdge.ubulk" 40
"../../../Engine/Content/VREditor/TransformGizmo/BoundingBoxEdge.uasset" 41
"../../../Engine/Content/VREditor/TransformGizmo/BoundingBoxEdge.uexp" 42
"../../../Engine/Content/VREditor/TransformGizmo/Main.uasset" 43
"../../../Engine/Content/VREditor/TransformGizmo/Main.uexp" 44
"../../../Engine/Content/VREditor/TransformGizmo/Xray.uasset" 45
"../../../Engine/Content/VREditor/TransformGizmo/Xray.uexp" 46
"../../../Engine/Content/VREditor/TransformGizmo/SM_Sequencer_Node.ubulk" 47
"../../../Engine/Content/VREditor/TransformGizmo/SM_Sequencer_Node.uasset" 48
"../../../Engine/Content/VREditor/TransformGizmo/SM_Sequencer_Node.uexp" 49
"../../../Engine/Content/EditorResources/S_Solver.ubulk" 50
"../../../Engine/Content/EditorResources/S_Solver.uasset" 51
"../../../Engine/Content/EditorResources/S_Solver.uexp" 52
"../../../Engine/Content/EditorMaterials/Camera/CineMat.uasset" 53
"../../../Engine/Content/EditorMaterials/Camera/CineMat.uexp" 54
"../../../Engine/Content/EditorMaterials/Camera/MI_CineMat_Rig.uasset" 55
"../../../Engine/Content/EditorMaterials/Camera/MI_CineMat_Rig.uexp" 56
"../../../Engine/Content/EditorMeshes/Camera/SM_CraneRig_Base.ubulk" 57
"../../../Engine/Content/EditorMeshes/Camera/SM_CraneRig_Base.uasset" 58
"../../../Engine/Content/EditorMeshes/Camera/SM_CraneRig_Base.uexp" 59
"../../../Engine/Content/EditorMeshes/Camera/SM_CraneRig_Arm.ubulk" 60
"../../../Engine/Content/EditorMeshes/Camera/SM_CraneRig_Arm.uasset" 61
"../../../Engine/Content/EditorMeshes/Camera/SM_CraneRig_Arm.uexp" 62
"../../../Engine/Content/EditorMeshes/Camera/SM_CraneRig_Mount.ubulk" 63
"../../../Engine/Content/EditorMeshes/Camera/SM_CraneRig_Mount.uasset" 64
"../../../Engine/Content/EditorMeshes/Camera/SM_CraneRig_Mount.uexp" 65
"../../../Engine/Content/EditorMeshes/Camera/SM_CraneRig_Body.ubulk" 66
"../../../Engine/Content/EditorMeshes/Camera/SM_CraneRig_Body.uasset" 67
"../../../Engine/Content/EditorMeshes/Camera/SM_CraneRig_Body.uexp" 68
"../../../Engine/Content/EditorMeshes/Camera/SM_RailRig_Track.ubulk" 69
"../../../Engine/Content/EditorMeshes/Camera/SM_RailRig_Track.uasset" 70
"../../../Engine/Content/EditorMeshes/Camera/SM_RailRig_Track.uexp" 71
"../../../Engine/Content/EditorMeshes/Camera/SM_RailRig_Mount.ubulk" 72
"../../../Engine/Content/EditorMeshes/Camera/SM_RailRig_Mount.uasset" 73
"../../../Engine/Content/EditorMeshes/Camera/SM_RailRig_Mount.uexp" 74
"../../../Engine/Content/EngineMaterials/T_Default_Material_Grid_M.ubulk" 75
"../../../Engine/Content/EngineMaterials/T_Default_Material_Grid_M.uasset" 76
"../../../Engine/Content/EngineMaterials/T_Default_Material_Grid_M.uexp" 77
"../../../Engine/Content/EngineMaterials/T_Default_Material_Grid_N.ubulk" 78
"../../../Engine/Content/EngineMaterials/T_Default_Material_Grid_N.uasset" 79
"../../../Engine/Content/EngineMaterials/T_Default_Material_Grid_N.uexp" 80
"../../../Engine/Content/Functions/Engine_MaterialFunctions01/Opacity/CameraDepthFade.uasset" 81
"../../../Engine/Content/Functions/Engine_MaterialFunctions01/Opacity/CameraDepthFade.uexp" 82
"../../../Engine/Content/EngineMaterials/WorldGridMaterial.uasset" 83
"../../../Engine/Content/EngineMaterials/WorldGridMaterial.uexp" 84
"../../../Engine/Content/ArtTools/RenderToTexture/Meshes/S_1_Unit_Plane.ubulk" 85
"../../../Engine/Content/ArtTools/RenderToTexture/Meshes/S_1_Unit_Plane.uasset" 86
"../../../Engine/Content/ArtTools/RenderToTexture/Meshes/S_1_Unit_Plane.uexp" 87
"../../../Engine/Content/EditorMaterials/ParticleSystems/PSysThumbnail_NoImage.ubulk" 88
"../../../Engine/Content/EditorMaterials/ParticleSystems/PSysThumbnail_NoImage.uasset" 89
"../../../Engine/Content/EditorMaterials/ParticleSystems/PSysThumbnail_NoImage.uexp" 90
"../../../Engine/Content/EditorMaterials/ParticleSystems/PSysThumbnail_OOD.ubulk" 91
"../../../Engine/Content/EditorMaterials/ParticleSystems/PSysThumbnail_OOD.uasset" 92
"../../../Engine/Content/EditorMaterials/ParticleSystems/PSysThumbnail_OOD.uexp" 93
"../../../Engine/Content/EditorLandscapeResources/SplineEditorMeshMat.uasset" 94
"../../../Engine/Content/EditorLandscapeResources/SplineEditorMeshMat.uexp" 95
"../../../Engine/Content/EditorLandscapeResources/SplineEditorMesh.ubulk" 96
"../../../Engine/Content/EditorLandscapeResources/SplineEditorMesh.uasset" 97
"../../../Engine/Content/EditorLandscapeResources/SplineEditorMesh.uexp" 98
"../../../Engine/Plugins/Media/MediaPlate/Content/SM_MediaPlateScreen.ubulk" 99
"../../../Engine/Plugins/Media/MediaPlate/Content/SM_MediaPlateScreen.uasset" 100
"../../../Engine/Plugins/Media/MediaPlate/Content/SM_MediaPlateScreen.uexp" 101
"../../../Engine/Content/EngineMaterials/DefaultBokeh.uasset" 102
"../../../Engine/Content/EngineMaterials/DefaultBokeh.uexp" 103
"../../../Engine/Content/EngineMaterials/MiniFont.uasset" 104
"../../../Engine/Content/EngineMaterials/MiniFont.uexp" 105
"../../../Engine/Content/EngineMaterials/WeightMapPlaceholderTexture.uasset" 106
"../../../Engine/Content/EngineMaterials/WeightMapPlaceholderTexture.uexp" 107
"../../../Engine/Content/EngineMaterials/WeightMapArrayPlaceholderTexture.uasset" 108
"../../../Engine/Content/EngineMaterials/WeightMapArrayPlaceholderTexture.uexp" 109
"../../../Engine/Content/EngineMaterials/DefaultWhiteGrid.ubulk" 110
"../../../Engine/Content/EngineMaterials/DefaultWhiteGrid.uasset" 111
"../../../Engine/Content/EngineMaterials/DefaultWhiteGrid.uexp" 112
"../../../Engine/Content/EngineMaterials/PreintegratedSkinBRDF.uasset" 113
"../../../Engine/Content/EngineMaterials/PreintegratedSkinBRDF.uexp" 114
"../../../Engine/Content/Functions/Engine_MaterialFunctions02/WorldPositionOffset/CameraOffset.uasset" 115
"../../../Engine/Content/Functions/Engine_MaterialFunctions02/WorldPositionOffset/CameraOffset.uexp" 116
"../../../Engine/Plugins/Animation/ControlRig/Content/M_Manip.uasset" 117
"../../../Engine/Plugins/Animation/ControlRig/Content/M_Manip.uexp" 118
"../../../Engine/Plugins/Animation/ACLPlugin/Content/ACLAnimCurveCompressionSettings.uasset" 119
"../../../Engine/Plugins/Animation/ACLPlugin/Content/ACLAnimCurveCompressionSettings.uexp" 120
"../../../Engine/Plugins/Animation/ACLPlugin/Content/ACLAnimBoneCompressionSettings.uasset" 121
"../../../Engine/Plugins/Animation/ACLPlugin/Content/ACLAnimBoneCompressionSettings.uexp" 122
"../../../Engine/Plugins/2D/Paper2D/Content/PlaceholderTextures/DummySpriteTexture.ubulk" 123
"../../../Engine/Plugins/2D/Paper2D/Content/PlaceholderTextures/DummySpriteTexture.uasset" 124
"../../../Engine/Plugins/2D/Paper2D/Content/PlaceholderTextures/DummySpriteTexture.uexp" 125
"../../../Engine/Plugins/2D/Paper2D/Content/DefaultSpriteMaterial.uasset" 126
"../../../Engine/Plugins/2D/Paper2D/Content/DefaultSpriteMaterial.uexp" 127
"../../../Engine/Plugins/2D/Paper2D/Content/OpaqueUnlitSpriteMaterial.uasset" 128
"../../../Engine/Plugins/2D/Paper2D/Content/OpaqueUnlitSpriteMaterial.uexp" 129
"../../../Engine/Plugins/2D/Paper2D/Content/MaskedUnlitSpriteMaterial.uasset" 130
"../../../Engine/Plugins/2D/Paper2D/Content/MaskedUnlitSpriteMaterial.uexp" 131
"../../../Engine/Plugins/2D/Paper2D/Content/DummySprite.uasset" 132
"../../../Engine/Plugins/2D/Paper2D/Content/DummySprite.uexp" 133
"../../../Engine/Plugins/2D/Paper2D/Content/DefaultPaperTerrainMaterial.uasset" 134
"../../../Engine/Plugins/2D/Paper2D/Content/DefaultPaperTerrainMaterial.uexp" 135
"../../../Engine/Plugins/Editor/SpeedTreeImporter/Content/SpeedTree9/game_wind_noise.ubulk" 136
"../../../Engine/Plugins/Editor/SpeedTreeImporter/Content/SpeedTree9/game_wind_noise.uasset" 137
"../../../Engine/Plugins/Editor/SpeedTreeImporter/Content/SpeedTree9/game_wind_noise.uexp" 138
"../../../Engine/Plugins/Editor/SpeedTreeImporter/Content/SpeedTree9/UnpackDirection.uasset" 139
"../../../Engine/Plugins/Editor/SpeedTreeImporter/Content/SpeedTree9/UnpackDirection.uexp" 140
"../../../Engine/Content/Functions/Engine_MaterialFunctions02/ObjectLocalBounds.uasset" 141
"../../../Engine/Content/Functions/Engine_MaterialFunctions02/ObjectLocalBounds.uexp" 142
"../../../Engine/Content/Functions/Engine_MaterialFunctions02/Utility/BreakOutFloat3Components.uasset" 143
"../../../Engine/Content/Functions/Engine_MaterialFunctions02/Utility/BreakOutFloat3Components.uexp" 144
"../../../Engine/Content/Functions/Engine_MaterialFunctions02/UVs/BoundingBoxBased_0-1_UVW.uasset" 145
"../../../Engine/Content/Functions/Engine_MaterialFunctions02/UVs/BoundingBoxBased_0-1_UVW.uexp" 146
"../../../Engine/Content/Functions/Engine_MaterialFunctions02/Utility/VectorLength.uasset" 147
"../../../Engine/Content/Functions/Engine_MaterialFunctions02/Utility/VectorLength.uexp" 148
"../../../Engine/Plugins/Editor/SpeedTreeImporter/Content/SpeedTree9/UnpackInteger3.uasset" 149
"../../../Engine/Plugins/Editor/SpeedTreeImporter/Content/SpeedTree9/UnpackInteger3.uexp" 150
"../../../Engine/Plugins/Editor/SpeedTreeImporter/Content/SpeedTree9/SpeedTreeCameraFacing.uasset" 151
"../../../Engine/Plugins/Editor/SpeedTreeImporter/Content/SpeedTree9/SpeedTreeCameraFacing.uexp" 152
"../../../Engine/Content/Functions/Engine_MaterialFunctions02/WorldPositionOffset/ObjectScale.uasset" 153
"../../../Engine/Content/Functions/Engine_MaterialFunctions02/WorldPositionOffset/ObjectScale.uexp" 154
"../../../Engine/Content/Functions/Engine_MaterialFunctions02/SafeNormalize.uasset" 155
"../../../Engine/Content/Functions/Engine_MaterialFunctions02/SafeNormalize.uexp" 156
"../../../Engine/Plugins/Editor/SpeedTreeImporter/Content/SpeedTree9/SpeedTreeWindMotion.uasset" 157
"../../../Engine/Plugins/Editor/SpeedTreeImporter/Content/SpeedTree9/SpeedTreeWindMotion.uexp" 158
"../../../Engine/Plugins/Editor/SpeedTreeImporter/Content/SpeedTree9/SpeedTreeBranchMotion.uasset" 159
"../../../Engine/Plugins/Editor/SpeedTreeImporter/Content/SpeedTree9/SpeedTreeBranchMotion.uexp" 160
"../../../Engine/Plugins/Editor/SpeedTreeImporter/Content/SpeedTree9/SpeedTreeWind.uasset" 161
"../../../Engine/Plugins/Editor/SpeedTreeImporter/Content/SpeedTree9/SpeedTreeWind.uexp" 162
"../../../Engine/Plugins/Editor/SpeedTreeImporter/Content/SpeedTree9/EmptyNormal.uasset" 163
"../../../Engine/Plugins/Editor/SpeedTreeImporter/Content/SpeedTree9/EmptyNormal.uexp" 164
"../../../Engine/Plugins/Editor/SpeedTreeImporter/Content/SpeedTree9/Empty.uasset" 165
"../../../Engine/Plugins/Editor/SpeedTreeImporter/Content/SpeedTree9/Empty.uexp" 166
"../../../Engine/Plugins/Editor/SpeedTreeImporter/Content/SpeedTree9/SpeedTreeMaster.uasset" 167
"../../../Engine/Plugins/Editor/SpeedTreeImporter/Content/SpeedTree9/SpeedTreeMaster.uexp" 168
"../../../Engine/Plugins/Editor/SpeedTreeImporter/Content/SpeedTree9/SpeedTreeBillboard.uasset" 169
"../../../Engine/Plugins/Editor/SpeedTreeImporter/Content/SpeedTree9/SpeedTreeBillboard.uexp" 170
"../../../Engine/Plugins/Editor/SpeedTreeImporter/Content/SpeedTree9/SpeedTreeBillboardMaster.uasset" 171
"../../../Engine/Plugins/Editor/SpeedTreeImporter/Content/SpeedTree9/SpeedTreeBillboardMaster.uexp" 172
"../../../Engine/Plugins/Animation/ControlRig/Content/Controls/DefaultGizmoLibraryNormalized.uasset" 173
"../../../Engine/Plugins/Animation/ControlRig/Content/Controls/DefaultGizmoLibraryNormalized.uexp" 174
"../../../Engine/Plugins/Animation/ControlRig/Content/Controls/ControlRig_Wedge_solid.ubulk" 175
"../../../Engine/Plugins/Animation/ControlRig/Content/Controls/ControlRig_Wedge_solid.uasset" 176
"../../../Engine/Plugins/Animation/ControlRig/Content/Controls/ControlRig_Wedge_solid.uexp" 177
"../../../Engine/Plugins/Animation/ControlRig/Content/Controls/ControlRig_Wedge_3mm.ubulk" 178
"../../../Engine/Plugins/Animation/ControlRig/Content/Controls/ControlRig_Wedge_3mm.uasset" 179
"../../../Engine/Plugins/Animation/ControlRig/Content/Controls/ControlRig_Wedge_3mm.uexp" 180
"../../../Engine/Plugins/Animation/ControlRig/Content/Controls/ControlRig_Wedge_1mm.ubulk" 181
"../../../Engine/Plugins/Animation/ControlRig/Content/Controls/ControlRig_Wedge_1mm.uasset" 182
"../../../Engine/Plugins/Animation/ControlRig/Content/Controls/ControlRig_Wedge_1mm.uexp" 183
"../../../Engine/Plugins/Animation/ControlRig/Content/Controls/ControlRig_Triangle_solid.ubulk" 184
"../../../Engine/Plugins/Animation/ControlRig/Content/Controls/ControlRig_Triangle_solid.uasset" 185
"../../../Engine/Plugins/Animation/ControlRig/Content/Controls/ControlRig_Triangle_solid.uexp" 186
"../../../Engine/Plugins/Animation/ControlRig/Content/Controls/ControlRig_Triangle_3mm.ubulk" 187
"../../../Engine/Plugins/Animation/ControlRig/Content/Controls/ControlRig_Triangle_3mm.uasset" 188
"../../../Engine/Plugins/Animation/ControlRig/Content/Controls/ControlRig_Triangle_3mm.uexp" 189
"../../../Engine/Plugins/Animation/ControlRig/Content/Controls/ControlRig_Triangle_1mm.ubulk" 190
"../../../Engine/Plugins/Animation/ControlRig/Content/Controls/ControlRig_Triangle_1mm.uasset" 191
"../../../Engine/Plugins/Animation/ControlRig/Content/Controls/ControlRig_Triangle_1mm.uexp" 192
"../../../Engine/Plugins/Animation/ControlRig/Content/Controls/ControlRig_Star4_solid.ubulk" 193
"../../../Engine/Plugins/Animation/ControlRig/Content/Controls/ControlRig_Star4_solid.uasset" 194
"../../../Engine/Plugins/Animation/ControlRig/Content/Controls/ControlRig_Star4_solid.uexp" 195
"../../../Engine/Plugins/Animation/ControlRig/Content/Controls/ControlRig_Star4_3mm.ubulk" 196
"../../../Engine/Plugins/Animation/ControlRig/Content/Controls/ControlRig_Star4_3mm.uasset" 197
"../../../Engine/Plugins/Animation/ControlRig/Content/Controls/ControlRig_Star4_3mm.uexp" 198
"../../../Engine/Plugins/Animation/ControlRig/Content/Controls/ControlRig_Star4_1mm.ubulk" 199
"../../../Engine/Plugins/Animation/ControlRig/Content/Controls/ControlRig_Star4_1mm.uasset" 200
"../../../Engine/Plugins/Animation/ControlRig/Content/Controls/ControlRig_Star4_1mm.uexp" 201
"../../../Engine/Plugins/Animation/ControlRig/Content/Controls/ControlRig_Square_solid.ubulk" 202
"../../../Engine/Plugins/Animation/ControlRig/Content/Controls/ControlRig_Square_solid.uasset" 203
"../../../Engine/Plugins/Animation/ControlRig/Content/Controls/ControlRig_Square_solid.uexp" 204
"../../../Engine/Plugins/Animation/ControlRig/Content/Controls/ControlRig_Square_3mm.ubulk" 205
"../../../Engine/Plugins/Animation/ControlRig/Content/Controls/ControlRig_Square_3mm.uasset" 206
"../../../Engine/Plugins/Animation/ControlRig/Content/Controls/ControlRig_Square_3mm.uexp" 207
"../../../Engine/Plugins/Animation/ControlRig/Content/Controls/ControlRig_Square_1mm.ubulk" 208
"../../../Engine/Plugins/Animation/ControlRig/Content/Controls/ControlRig_Square_1mm.uasset" 209
"../../../Engine/Plugins/Animation/ControlRig/Content/Controls/ControlRig_Square_1mm.uexp" 210
"../../../Engine/Plugins/Animation/ControlRig/Content/Controls/ControlRig_Sphere_solid.ubulk" 211
"../../../Engine/Plugins/Animation/ControlRig/Content/Controls/ControlRig_Sphere_solid.uasset" 212
"../../../Engine/Plugins/Animation/ControlRig/Content/Controls/ControlRig_Sphere_solid.uexp" 213
"../../../Engine/Plugins/Animation/ControlRig/Content/Controls/ControlRig_Sphere_3mm.ubulk" 214
"../../../Engine/Plugins/Animation/ControlRig/Content/Controls/ControlRig_Sphere_3mm.uasset" 215
"../../../Engine/Plugins/Animation/ControlRig/Content/Controls/ControlRig_Sphere_3mm.uexp" 216
"../../../Engine/Plugins/Animation/ControlRig/Content/Controls/ControlRig_Sphere_1mm.ubulk" 217
"../../../Engine/Plugins/Animation/ControlRig/Content/Controls/ControlRig_Sphere_1mm.uasset" 218
"../../../Engine/Plugins/Animation/ControlRig/Content/Controls/ControlRig_Sphere_1mm.uexp" 219
"../../../Engine/Plugins/Animation/ControlRig/Content/Controls/ControlRig_RoundedTriangle_solid.ubulk" 220
"../../../Engine/Plugins/Animation/ControlRig/Content/Controls/ControlRig_RoundedTriangle_solid.uasset" 221
"../../../Engine/Plugins/Animation/ControlRig/Content/Controls/ControlRig_RoundedTriangle_solid.uexp" 222
"../../../Engine/Plugins/Animation/ControlRig/Content/Controls/ControlRig_RoundedTriangle_3mm.ubulk" 223
"../../../Engine/Plugins/Animation/ControlRig/Content/Controls/ControlRig_RoundedTriangle_3mm.uasset" 224
"../../../Engine/Plugins/Animation/ControlRig/Content/Controls/ControlRig_RoundedTriangle_3mm.uexp" 225
"../../../Engine/Plugins/Animation/ControlRig/Content/Controls/ControlRig_RoundedTriangle_1mm.ubulk" 226
"../../../Engine/Plugins/Animation/ControlRig/Content/Controls/ControlRig_RoundedTriangle_1mm.uasset" 227
"../../../Engine/Plugins/Animation/ControlRig/Content/Controls/ControlRig_RoundedTriangle_1mm.uexp" 228
"../../../Engine/Plugins/Animation/ControlRig/Content/Controls/ControlRig_RoundedSquare_solid.ubulk" 229
"../../../Engine/Plugins/Animation/ControlRig/Content/Controls/ControlRig_RoundedSquare_solid.uasset" 230
"../../../Engine/Plugins/Animation/ControlRig/Content/Controls/ControlRig_RoundedSquare_solid.uexp" 231
"../../../Engine/Plugins/Animation/ControlRig/Content/Controls/ControlRig_RoundedSquare_3mm.ubulk" 232
"../../../Engine/Plugins/Animation/ControlRig/Content/Controls/ControlRig_RoundedSquare_3mm.uasset" 233
"../../../Engine/Plugins/Animation/ControlRig/Content/Controls/ControlRig_RoundedSquare_3mm.uexp" 234
"../../../Engine/Plugins/Animation/ControlRig/Content/Controls/ControlRig_RoundedSquare_1mm.ubulk" 235
"../../../Engine/Plugins/Animation/ControlRig/Content/Controls/ControlRig_RoundedSquare_1mm.uasset" 236
"../../../Engine/Plugins/Animation/ControlRig/Content/Controls/ControlRig_RoundedSquare_1mm.uexp" 237
"../../../Engine/Plugins/Animation/ControlRig/Content/Controls/ControlRig_QuarterCircle_solid.ubulk" 238
"../../../Engine/Plugins/Animation/ControlRig/Content/Controls/ControlRig_QuarterCircle_solid.uasset" 239
"../../../Engine/Plugins/Animation/ControlRig/Content/Controls/ControlRig_QuarterCircle_solid.uexp" 240
"../../../Engine/Plugins/Animation/ControlRig/Content/Controls/ControlRig_QuarterCircle_3mm.ubulk" 241
"../../../Engine/Plugins/Animation/ControlRig/Content/Controls/ControlRig_QuarterCircle_3mm.uasset" 242
"../../../Engine/Plugins/Animation/ControlRig/Content/Controls/ControlRig_QuarterCircle_3mm.uexp" 243
"../../../Engine/Plugins/Animation/ControlRig/Content/Controls/ControlRig_QuarterCircle_1mm.ubulk" 244
"../../../Engine/Plugins/Animation/ControlRig/Content/Controls/ControlRig_QuarterCircle_1mm.uasset" 245
"../../../Engine/Plugins/Animation/ControlRig/Content/Controls/ControlRig_QuarterCircle_1mm.uexp" 246
"../../../Engine/Plugins/Animation/ControlRig/Content/Controls/ControlRig_Pyramid_solid.ubulk" 247
"../../../Engine/Plugins/Animation/ControlRig/Content/Controls/ControlRig_Pyramid_solid.uasset" 248
"../../../Engine/Plugins/Animation/ControlRig/Content/Controls/ControlRig_Pyramid_solid.uexp" 249
"../../../Engine/Plugins/Animation/ControlRig/Content/Controls/ControlRig_Pyramid_3mm.ubulk" 250
"../../../Engine/Plugins/Animation/ControlRig/Content/Controls/ControlRig_Pyramid_3mm.uasset" 251
"../../../Engine/Plugins/Animation/ControlRig/Content/Controls/ControlRig_Pyramid_3mm.uexp" 252
"../../../Engine/Plugins/Animation/ControlRig/Content/Controls/ControlRig_Pyramid_1mm.ubulk" 253
"../../../Engine/Plugins/Animation/ControlRig/Content/Controls/ControlRig_Pyramid_1mm.uasset" 254
"../../../Engine/Plugins/Animation/ControlRig/Content/Controls/ControlRig_Pyramid_1mm.uexp" 255
"../../../Engine/Plugins/Animation/ControlRig/Content/Controls/ControlRig_Octagon_solid.ubulk" 256
"../../../Engine/Plugins/Animation/ControlRig/Content/Controls/ControlRig_Octagon_solid.uasset" 257
"../../../Engine/Plugins/Animation/ControlRig/Content/Controls/ControlRig_Octagon_solid.uexp" 258
"../../../Engine/Plugins/Animation/ControlRig/Content/Controls/ControlRig_Octagon_3mm.ubulk" 259
"../../../Engine/Plugins/Animation/ControlRig/Content/Controls/ControlRig_Octagon_3mm.uasset" 260
"../../../Engine/Plugins/Animation/ControlRig/Content/Controls/ControlRig_Octagon_3mm.uexp" 261
"../../../Engine/Plugins/Animation/ControlRig/Content/Controls/ControlRig_Octagon_1mm.ubulk" 262
"../../../Engine/Plugins/Animation/ControlRig/Content/Controls/ControlRig_Octagon_1mm.uasset" 263
"../../../Engine/Plugins/Animation/ControlRig/Content/Controls/ControlRig_Octagon_1mm.uexp" 264
"../../../Engine/Plugins/Animation/ControlRig/Content/Controls/ControlRig_Hexagon_solid.ubulk" 265
"../../../Engine/Plugins/Animation/ControlRig/Content/Controls/ControlRig_Hexagon_solid.uasset" 266
"../../../Engine/Plugins/Animation/ControlRig/Content/Controls/ControlRig_Hexagon_solid.uexp" 267
"../../../Engine/Plugins/Animation/ControlRig/Content/Controls/ControlRig_Hexagon_3mm.ubulk" 268
"../../../Engine/Plugins/Animation/ControlRig/Content/Controls/ControlRig_Hexagon_3mm.uasset" 269
"../../../Engine/Plugins/Animation/ControlRig/Content/Controls/ControlRig_Hexagon_3mm.uexp" 270
"../../../Engine/Plugins/Animation/ControlRig/Content/Controls/ControlRig_Hexagon_1mm.ubulk" 271
"../../../Engine/Plugins/Animation/ControlRig/Content/Controls/ControlRig_Hexagon_1mm.uasset" 272
"../../../Engine/Plugins/Animation/ControlRig/Content/Controls/ControlRig_Hexagon_1mm.uexp" 273
"../../../Engine/Plugins/Animation/ControlRig/Content/Controls/ControlRig_HalfCircle_solid.ubulk" 274
"../../../Engine/Plugins/Animation/ControlRig/Content/Controls/ControlRig_HalfCircle_solid.uasset" 275
"../../../Engine/Plugins/Animation/ControlRig/Content/Controls/ControlRig_HalfCircle_solid.uexp" 276
"../../../Engine/Plugins/Animation/ControlRig/Content/Controls/ControlRig_HalfCircle_3mm.ubulk" 277
"../../../Engine/Plugins/Animation/ControlRig/Content/Controls/ControlRig_HalfCircle_3mm.uasset" 278
"../../../Engine/Plugins/Animation/ControlRig/Content/Controls/ControlRig_HalfCircle_3mm.uexp" 279
"../../../Engine/Plugins/Animation/ControlRig/Content/Controls/ControlRig_HalfCircle_1mm.ubulk" 280
"../../../Engine/Plugins/Animation/ControlRig/Content/Controls/ControlRig_HalfCircle_1mm.uasset" 281
"../../../Engine/Plugins/Animation/ControlRig/Content/Controls/ControlRig_HalfCircle_1mm.uexp" 282
"../../../Engine/Plugins/Animation/ControlRig/Content/Controls/ControlRig_Diamond_solid.ubulk" 283
"../../../Engine/Plugins/Animation/ControlRig/Content/Controls/ControlRig_Diamond_solid.uasset" 284
"../../../Engine/Plugins/Animation/ControlRig/Content/Controls/ControlRig_Diamond_solid.uexp" 285
"../../../Engine/Plugins/Animation/ControlRig/Content/Controls/ControlRig_Diamond_3mm.ubulk" 286
"../../../Engine/Plugins/Animation/ControlRig/Content/Controls/ControlRig_Diamond_3mm.uasset" 287
"../../../Engine/Plugins/Animation/ControlRig/Content/Controls/ControlRig_Diamond_3mm.uexp" 288
"../../../Engine/Plugins/Animation/ControlRig/Content/Controls/ControlRig_Diamond_1mm.ubulk" 289
"../../../Engine/Plugins/Animation/ControlRig/Content/Controls/ControlRig_Diamond_1mm.uasset" 290
"../../../Engine/Plugins/Animation/ControlRig/Content/Controls/ControlRig_Diamond_1mm.uexp" 291
"../../../Engine/Plugins/Animation/ControlRig/Content/Controls/ControlRig_Circle_solid.ubulk" 292
"../../../Engine/Plugins/Animation/ControlRig/Content/Controls/ControlRig_Circle_solid.uasset" 293
"../../../Engine/Plugins/Animation/ControlRig/Content/Controls/ControlRig_Circle_solid.uexp" 294
"../../../Engine/Plugins/Animation/ControlRig/Content/Controls/ControlRig_Circle_3mm.ubulk" 295
"../../../Engine/Plugins/Animation/ControlRig/Content/Controls/ControlRig_Circle_3mm.uasset" 296
"../../../Engine/Plugins/Animation/ControlRig/Content/Controls/ControlRig_Circle_3mm.uexp" 297
"../../../Engine/Plugins/Animation/ControlRig/Content/Controls/ControlRig_Circle_1mm.ubulk" 298
"../../../Engine/Plugins/Animation/ControlRig/Content/Controls/ControlRig_Circle_1mm.uasset" 299
"../../../Engine/Plugins/Animation/ControlRig/Content/Controls/ControlRig_Circle_1mm.uexp" 300
"../../../Engine/Plugins/Animation/ControlRig/Content/Controls/ControlRig_Box_solid.ubulk" 301
"../../../Engine/Plugins/Animation/ControlRig/Content/Controls/ControlRig_Box_solid.uasset" 302
"../../../Engine/Plugins/Animation/ControlRig/Content/Controls/ControlRig_Box_solid.uexp" 303
"../../../Engine/Plugins/Animation/ControlRig/Content/Controls/ControlRig_Box_3mm.ubulk" 304
"../../../Engine/Plugins/Animation/ControlRig/Content/Controls/ControlRig_Box_3mm.uasset" 305
"../../../Engine/Plugins/Animation/ControlRig/Content/Controls/ControlRig_Box_3mm.uexp" 306
"../../../Engine/Plugins/Animation/ControlRig/Content/Controls/ControlRig_Box_1mm.ubulk" 307
"../../../Engine/Plugins/Animation/ControlRig/Content/Controls/ControlRig_Box_1mm.uasset" 308
"../../../Engine/Plugins/Animation/ControlRig/Content/Controls/ControlRig_Box_1mm.uexp" 309
"../../../Engine/Plugins/Animation/ControlRig/Content/Controls/ControlRig_Arrow_solid.ubulk" 310
"../../../Engine/Plugins/Animation/ControlRig/Content/Controls/ControlRig_Arrow_solid.uasset" 311
"../../../Engine/Plugins/Animation/ControlRig/Content/Controls/ControlRig_Arrow_solid.uexp" 312
"../../../Engine/Plugins/Animation/ControlRig/Content/Controls/ControlRig_Arrow_3mm.ubulk" 313
"../../../Engine/Plugins/Animation/ControlRig/Content/Controls/ControlRig_Arrow_3mm.uasset" 314
"../../../Engine/Plugins/Animation/ControlRig/Content/Controls/ControlRig_Arrow_3mm.uexp" 315
"../../../Engine/Plugins/Animation/ControlRig/Content/Controls/ControlRig_Arrow_1mm.ubulk" 316
"../../../Engine/Plugins/Animation/ControlRig/Content/Controls/ControlRig_Arrow_1mm.uasset" 317
"../../../Engine/Plugins/Animation/ControlRig/Content/Controls/ControlRig_Arrow_1mm.uexp" 318
"../../../Engine/Plugins/Animation/ControlRig/Content/Controls/ControlRig_Arrow4_solid.ubulk" 319
"../../../Engine/Plugins/Animation/ControlRig/Content/Controls/ControlRig_Arrow4_solid.uasset" 320
"../../../Engine/Plugins/Animation/ControlRig/Content/Controls/ControlRig_Arrow4_solid.uexp" 321
"../../../Engine/Plugins/Animation/ControlRig/Content/Controls/ControlRig_Arrow4_3mm.ubulk" 322
"../../../Engine/Plugins/Animation/ControlRig/Content/Controls/ControlRig_Arrow4_3mm.uasset" 323
"../../../Engine/Plugins/Animation/ControlRig/Content/Controls/ControlRig_Arrow4_3mm.uexp" 324
"../../../Engine/Plugins/Animation/ControlRig/Content/Controls/ControlRig_Arrow4_1mm.ubulk" 325
"../../../Engine/Plugins/Animation/ControlRig/Content/Controls/ControlRig_Arrow4_1mm.uasset" 326
"../../../Engine/Plugins/Animation/ControlRig/Content/Controls/ControlRig_Arrow4_1mm.uexp" 327
"../../../Engine/Plugins/Animation/ControlRig/Content/Controls/ControlRig_Arrow2_solid.ubulk" 328
"../../../Engine/Plugins/Animation/ControlRig/Content/Controls/ControlRig_Arrow2_solid.uasset" 329
"../../../Engine/Plugins/Animation/ControlRig/Content/Controls/ControlRig_Arrow2_solid.uexp" 330
"../../../Engine/Plugins/Animation/ControlRig/Content/Controls/ControlRig_Arrow2_3mm.ubulk" 331
"../../../Engine/Plugins/Animation/ControlRig/Content/Controls/ControlRig_Arrow2_3mm.uasset" 332
"../../../Engine/Plugins/Animation/ControlRig/Content/Controls/ControlRig_Arrow2_3mm.uexp" 333
"../../../Engine/Plugins/Animation/ControlRig/Content/Controls/ControlRig_Arrow2_1mm.ubulk" 334
"../../../Engine/Plugins/Animation/ControlRig/Content/Controls/ControlRig_Arrow2_1mm.uasset" 335
"../../../Engine/Plugins/Animation/ControlRig/Content/Controls/ControlRig_Arrow2_1mm.uexp" 336
"../../../Engine/Plugins/Animation/ControlRig/Content/Controls/ControlRigXRayMaterial.uasset" 337
"../../../Engine/Plugins/Animation/ControlRig/Content/Controls/ControlRigXRayMaterial.uexp" 338
"../../../Engine/Plugins/Animation/ControlRig/Content/Controls/ControlRigGizmoMaterial.uasset" 339
"../../../Engine/Plugins/Animation/ControlRig/Content/Controls/ControlRigGizmoMaterial.uexp" 340
"../../../Engine/Content/VREditor/TransformGizmo/StartRotationHandleIndicator.ubulk" 341
"../../../Engine/Content/VREditor/TransformGizmo/StartRotationHandleIndicator.uasset" 342
"../../../Engine/Content/VREditor/TransformGizmo/StartRotationHandleIndicator.uexp" 343
"../../../Engine/Content/VREditor/Sounds/UI/Drop_Item_From_ContentBrowser.ubulk" 344
"../../../Engine/Content/VREditor/Sounds/UI/Drop_Item_From_ContentBrowser.uasset" 345
"../../../Engine/Content/VREditor/Sounds/UI/Drop_Item_From_ContentBrowser.uexp" 346
"../../../Engine/Content/VREditor/TransformGizmo/PlaneTranslationHandle.ubulk" 347
"../../../Engine/Content/VREditor/TransformGizmo/PlaneTranslationHandle.uasset" 348
"../../../Engine/Content/VREditor/TransformGizmo/PlaneTranslationHandle.uexp" 349
"../../../Engine/Content/VREditor/Sounds/UI/Object_Snaps_To_Grid.ubulk" 350
"../../../Engine/Content/VREditor/Sounds/UI/Object_Snaps_To_Grid.uasset" 351
"../../../Engine/Content/VREditor/Sounds/UI/Object_Snaps_To_Grid.uexp" 352
"../../../Engine/Content/VREditor/Sounds/UI/Selection_Changes.ubulk" 353
"../../../Engine/Content/VREditor/Sounds/UI/Selection_Changes.uasset" 354
"../../../Engine/Content/VREditor/Sounds/UI/Selection_Changes.uexp" 355
"../../../Engine/Content/VREditor/Sounds/UI/Object_Snaps_To_Another_Actor.ubulk" 356
"../../../Engine/Content/VREditor/Sounds/UI/Object_Snaps_To_Another_Actor.uasset" 357
"../../../Engine/Content/VREditor/Sounds/UI/Object_Snaps_To_Another_Actor.uexp" 358
"../../../Engine/Content/VREditor/TransformGizmo/TranslucentTransformGizmoMaterial_Inst.uasset" 359
"../../../Engine/Content/VREditor/TransformGizmo/TranslucentTransformGizmoMaterial_Inst.uexp" 360
"../../../Engine/Content/VREditor/TransformGizmo/TransformGizmoFreeRotation.ubulk" 361
"../../../Engine/Content/VREditor/TransformGizmo/TransformGizmoFreeRotation.uasset" 362
"../../../Engine/Content/VREditor/TransformGizmo/TransformGizmoFreeRotation.uexp" 363
"../../../Engine/Content/VREditor/Sounds/UI/Scaling_Down.ubulk" 364
"../../../Engine/Content/VREditor/Sounds/UI/Scaling_Down.uasset" 365
"../../../Engine/Content/VREditor/Sounds/UI/Scaling_Down.uexp" 366
"../../../Engine/Content/Functions/Engine_MaterialFunctions02/Math/Transform3x3Matrix.uasset" 367
"../../../Engine/Content/Functions/Engine_MaterialFunctions02/Math/Transform3x3Matrix.uexp" 368
"../../../Engine/Content/Functions/Engine_MaterialFunctions02/SplitComponents.uasset" 369
"../../../Engine/Content/Functions/Engine_MaterialFunctions02/SplitComponents.uexp" 370
"../../../Engine/Content/Functions/Engine_MaterialFunctions02/Utility/MakeFloat3.uasset" 371
"../../../Engine/Content/Functions/Engine_MaterialFunctions02/Utility/MakeFloat3.uexp" 372
"../../../Engine/Content/VREditor/SnapGrid/SnapGridMaterial.uasset" 373
"../../../Engine/Content/VREditor/SnapGrid/SnapGridMaterial.uexp" 374
"../../../Engine/Content/VREditor/SnapGrid/SnapGridPlaneMesh.ubulk" 375
"../../../Engine/Content/VREditor/SnapGrid/SnapGridPlaneMesh.uasset" 376
"../../../Engine/Content/VREditor/SnapGrid/SnapGridPlaneMesh.uexp" 377
"../../../Engine/Content/VREditor/Sounds/UI/Scaling_Up.ubulk" 378
"../../../Engine/Content/VREditor/Sounds/UI/Scaling_Up.uasset" 379
"../../../Engine/Content/VREditor/Sounds/UI/Scaling_Up.uexp" 380
"../../../Engine/Content/VREditor/TransformGizmo/TransformGizmoMaterial_Inst.uasset" 381
"../../../Engine/Content/VREditor/TransformGizmo/TransformGizmoMaterial_Inst.uexp" 382
"../../../Engine/Content/VREditor/Sounds/UI/Gizmo_Handle_Clicked.ubulk" 383
"../../../Engine/Content/VREditor/Sounds/UI/Gizmo_Handle_Clicked.uasset" 384
"../../../Engine/Content/VREditor/Sounds/UI/Gizmo_Handle_Clicked.uexp" 385
"../../../Engine/Content/VREditor/TransformGizmo/RotationHandleQuarter.ubulk" 386
"../../../Engine/Content/VREditor/TransformGizmo/RotationHandleQuarter.uasset" 387
"../../../Engine/Content/VREditor/TransformGizmo/RotationHandleQuarter.uexp" 388
"../../../Engine/Content/VREditor/TransformGizmo/TranslateArrowHandle.ubulk" 389
"../../../Engine/Content/VREditor/TransformGizmo/TranslateArrowHandle.uasset" 390
"../../../Engine/Content/VREditor/TransformGizmo/TranslateArrowHandle.uexp" 391
"../../../Engine/Content/VREditor/TransformGizmo/RotationHandleIndicator.ubulk" 392
"../../../Engine/Content/VREditor/TransformGizmo/RotationHandleIndicator.uasset" 393
"../../../Engine/Content/VREditor/TransformGizmo/RotationHandleIndicator.uexp" 394
"../../../Engine/Content/VREditor/TransformGizmo/UniformScaleHandle.ubulk" 395
"../../../Engine/Content/VREditor/TransformGizmo/UniformScaleHandle.uasset" 396
"../../../Engine/Content/VREditor/TransformGizmo/UniformScaleHandle.uexp" 397
"../../../Engine/Content/VREditor/TransformGizmo/RotationHandleFull.ubulk" 398
"../../../Engine/Content/VREditor/TransformGizmo/RotationHandleFull.uasset" 399
"../../../Engine/Content/VREditor/TransformGizmo/RotationHandleFull.uexp" 400
"../../../Engine/Content/VREditor/Sounds/UI/Object_PickUp.ubulk" 401
"../../../Engine/Content/VREditor/Sounds/UI/Object_PickUp.uasset" 402
"../../../Engine/Content/VREditor/Sounds/UI/Object_PickUp.uexp" 403
"../../../Engine/Content/EngineSounds/Master.uasset" 404
"../../../Engine/Content/EngineSounds/Master.uexp" 405
"../../../Engine/Content/EngineResources/WhiteSquareTexture.uasset" 406
"../../../Engine/Content/EngineResources/WhiteSquareTexture.uexp" 407
"../../../Engine/Content/EngineMaterials/Widget3DPassThrough.uasset" 408
"../../../Engine/Content/EngineMaterials/Widget3DPassThrough.uexp" 409
"../../../Engine/Content/EngineMaterials/Widget3DPassThrough_Translucent.uasset" 410
"../../../Engine/Content/EngineMaterials/Widget3DPassThrough_Translucent.uexp" 411
"../../../Engine/Content/EngineMaterials/Widget3DPassThrough_Translucent_OneSided.uasset" 412
"../../../Engine/Content/EngineMaterials/Widget3DPassThrough_Translucent_OneSided.uexp" 413
"../../../Engine/Content/EngineMaterials/Widget3DPassThrough_Opaque.uasset" 414
"../../../Engine/Content/EngineMaterials/Widget3DPassThrough_Opaque.uexp" 415
"../../../Engine/Content/EngineMaterials/Widget3DPassThrough_Opaque_OneSided.uasset" 416
"../../../Engine/Content/EngineMaterials/Widget3DPassThrough_Opaque_OneSided.uexp" 417
"../../../Engine/Content/EngineMaterials/Widget3DPassThrough_Masked_OneSided.uasset" 418
"../../../Engine/Content/EngineMaterials/Widget3DPassThrough_Masked_OneSided.uexp" 419
"../../../Engine/Content/EngineMaterials/Widget3DPassThrough_Masked.uasset" 420
"../../../Engine/Content/EngineMaterials/Widget3DPassThrough_Masked.uexp" 421
"../../../Engine/Content/EngineMaterials/STBlueNoise_vec2_128x128x64.uasset" 422
"../../../Engine/Content/EngineMaterials/STBlueNoise_vec2_128x128x64.uexp" 423
"../../../Engine/Content/EngineMaterials/STBlueNoise_scalar_128x128x64.uasset" 424
"../../../Engine/Content/EngineMaterials/STBlueNoise_scalar_128x128x64.uexp" 425
"../../../Engine/Content/EngineMaterials/RemoveSurfaceMaterial.uasset" 426
"../../../Engine/Content/EngineMaterials/RemoveSurfaceMaterial.uexp" 427
"../../../Engine/Content/EngineMaterials/DefaultCalibrationGrayscale.uasset" 428
"../../../Engine/Content/EngineMaterials/DefaultCalibrationGrayscale.uexp" 429
"../../../Engine/Content/EngineMaterials/PPM_DefaultCalibrationGrayscale.uasset" 430
"../../../Engine/Content/EngineMaterials/PPM_DefaultCalibrationGrayscale.uexp" 431
"../../../Engine/Content/EngineMaterials/DefaultCalibrationColor.uasset" 432
"../../../Engine/Content/EngineMaterials/DefaultCalibrationColor.uexp" 433
"../../../Engine/Content/EngineMaterials/PPM_DefaultCalibrationColor.uasset" 434
"../../../Engine/Content/EngineMaterials/PPM_DefaultCalibrationColor.uexp" 435
"../../../Engine/Content/EngineMaterials/PhAT_JointLimitMaterial.uasset" 436
"../../../Engine/Content/EngineMaterials/PhAT_JointLimitMaterial.uexp" 437
"../../../Engine/Content/EngineMaterials/NaniteHiddenSectionMaterial.uasset" 438
"../../../Engine/Content/EngineMaterials/NaniteHiddenSectionMaterial.uexp" 439
"../../../Engine/Content/EngineMaterials/InvalidLightmapSettings.ubulk" 440
"../../../Engine/Content/EngineMaterials/InvalidLightmapSettings.uasset" 441
"../../../Engine/Content/EngineMaterials/InvalidLightmapSettings.uexp" 442
"../../../Engine/Content/EngineMaterials/M_InvalidLightmapSettings.uasset" 443
"../../../Engine/Content/EngineMaterials/M_InvalidLightmapSettings.uexp" 444
"../../../Engine/Content/EngineMaterials/GizmoMaterial.uasset" 445
"../../../Engine/Content/EngineMaterials/GizmoMaterial.uexp" 446
"../../../Engine/Content/EngineMaterials/BaseFlattenEmissiveMap_VT.uasset" 447
"../../../Engine/Content/EngineMaterials/BaseFlattenEmissiveMap_VT.uexp" 448
"../../../Engine/Content/EngineMaterials/BaseFlattenGrayscaleMap_VT.uasset" 449
"../../../Engine/Content/EngineMaterials/BaseFlattenGrayscaleMap_VT.uexp" 450
"../../../Engine/Content/EngineMaterials/BaseFlattenLinearColor_VT.uasset" 451
"../../../Engine/Content/EngineMaterials/BaseFlattenLinearColor_VT.uexp" 452
"../../../Engine/Content/EngineMaterials/Black_1x1_EXR_Texture_VT.uasset" 453
"../../../Engine/Content/EngineMaterials/Black_1x1_EXR_Texture_VT.uexp" 454
"../../../Engine/Content/EngineMaterials/BaseFlattenDiffuseMap_VT.uasset" 455
"../../../Engine/Content/EngineMaterials/BaseFlattenDiffuseMap_VT.uexp" 456
"../../../Engine/Content/EngineMaterials/BaseFlattenNormalMap_VT.uasset" 457
"../../../Engine/Content/EngineMaterials/BaseFlattenNormalMap_VT.uexp" 458
"../../../Engine/Content/EngineMaterials/FlattenMaterial_WS_Normal_VT.uasset" 459
"../../../Engine/Content/EngineMaterials/FlattenMaterial_WS_Normal_VT.uexp" 460
"../../../Engine/Content/EngineMaterials/FlattenMaterial_VT.uasset" 461
"../../../Engine/Content/EngineMaterials/FlattenMaterial_VT.uexp" 462
"../../../Engine/Content/EngineMaterials/BaseFlattenNormalMap.uasset" 463
"../../../Engine/Content/EngineMaterials/BaseFlattenNormalMap.uexp" 464
"../../../Engine/Content/EngineMaterials/BaseFlattenGrayscaleMap.uasset" 465
"../../../Engine/Content/EngineMaterials/BaseFlattenGrayscaleMap.uexp" 466
"../../../Engine/Content/EngineMaterials/BaseFlattenDiffuseMap.uasset" 467
"../../../Engine/Content/EngineMaterials/BaseFlattenDiffuseMap.uexp" 468
"../../../Engine/Content/Functions/Engine_MaterialFunctions02/PivotPainter2/Black_1x1_EXR_Texture.uasset" 469
"../../../Engine/Content/Functions/Engine_MaterialFunctions02/PivotPainter2/Black_1x1_EXR_Texture.uexp" 470
"../../../Engine/Content/EngineMaterials/BaseFlattenEmissiveMap.uasset" 471
"../../../Engine/Content/EngineMaterials/BaseFlattenEmissiveMap.uexp" 472
"../../../Engine/Content/EngineMaterials/BaseFlattenLinearColor.uasset" 473
"../../../Engine/Content/EngineMaterials/BaseFlattenLinearColor.uexp" 474
"../../../Engine/Content/EngineMaterials/FlattenMaterial.uasset" 475
"../../../Engine/Content/EngineMaterials/FlattenMaterial.uexp" 476
"../../../Engine/Content/EngineMaterials/DefaultWhiteGrid_Low.uasset" 477
"../../../Engine/Content/EngineMaterials/DefaultWhiteGrid_Low.uexp" 478
"../../../Engine/Content/EngineMaterials/EmissiveMeshMaterial.uasset" 479
"../../../Engine/Content/EngineMaterials/EmissiveMeshMaterial.uexp" 480
"../../../Engine/Content/EngineFonts/RobotoDistanceField.uasset" 481
"../../../Engine/Content/EngineFonts/RobotoDistanceField.uexp" 482
"../../../Engine/Content/EngineMaterials/DefaultTextMaterialOpaque.uasset" 483
"../../../Engine/Content/EngineMaterials/DefaultTextMaterialOpaque.uexp" 484
"../../../Engine/Content/EngineMaterials/DefaultDiffuse.ubulk" 485
"../../../Engine/Content/EngineMaterials/DefaultDiffuse.uasset" 486
"../../../Engine/Content/EngineMaterials/DefaultDiffuse.uexp" 487
"../../../Engine/Content/Functions/Engine_MaterialFunctions02/Utility/BreakOutFloat2Components.uasset" 488
"../../../Engine/Content/Functions/Engine_MaterialFunctions02/Utility/BreakOutFloat2Components.uexp" 489
"../../../Engine/Content/EngineMaterials/DefaultPostProcessMaterial.uasset" 490
"../../../Engine/Content/EngineMaterials/DefaultPostProcessMaterial.uexp" 491
"../../../Engine/Content/EngineMaterials/DefaultPhysicalMaterial.uasset" 492
"../../../Engine/Content/EngineMaterials/DefaultPhysicalMaterial.uexp" 493
"../../../Engine/Content/EngineMaterials/DefaultLightFunctionMaterial.uasset" 494
"../../../Engine/Content/EngineMaterials/DefaultLightFunctionMaterial.uexp" 495
"../../../Engine/Content/EngineMaterials/DefaultDestructiblePhysicalMaterial.uasset" 496
"../../../Engine/Content/EngineMaterials/DefaultDestructiblePhysicalMaterial.uexp" 497
"../../../Engine/Content/EngineMaterials/DefaultDeferredDecalMaterial.uasset" 498
"../../../Engine/Content/EngineMaterials/DefaultDeferredDecalMaterial.uexp" 499
"../../../Engine/Content/EngineMaterials/DefaultBloomKernel.uasset" 500
"../../../Engine/Content/EngineMaterials/DefaultBloomKernel.uexp" 501
"../../../Engine/Content/EngineFonts/Faces/RobotoLight.uexp" 502
"../../../Engine/Content/EngineFonts/Faces/RobotoLight.uasset" 503
"../../../Engine/Content/EngineFonts/Faces/RobotoLight.ufont" 504
"../../../Engine/Content/EngineFonts/Faces/RobotoBold.uexp" 505
"../../../Engine/Content/EngineFonts/Faces/RobotoBold.uasset" 506
"../../../Engine/Content/EngineFonts/Faces/RobotoBold.ufont" 507
"../../../Engine/Content/EngineFonts/Faces/RobotoRegular.uexp" 508
"../../../Engine/Content/EngineFonts/Faces/RobotoRegular.uasset" 509
"../../../Engine/Content/EngineFonts/Faces/RobotoRegular.ufont" 510
"../../../Engine/Content/EngineFonts/Faces/DroidSansFallback.uexp" 511
"../../../Engine/Content/EngineFonts/Faces/DroidSansFallback.uasset" 512
"../../../Engine/Content/EngineFonts/Faces/DroidSansFallback.ufont" 513
"../../../Engine/Content/EngineFonts/Faces/RobotoItalic.uexp" 514
"../../../Engine/Content/EngineFonts/Faces/RobotoItalic.uasset" 515
"../../../Engine/Content/EngineFonts/Faces/RobotoItalic.ufont" 516
"../../../Engine/Content/EngineFonts/Faces/RobotoBoldItalic.uexp" 517
"../../../Engine/Content/EngineFonts/Faces/RobotoBoldItalic.uasset" 518
"../../../Engine/Content/EngineFonts/Faces/RobotoBoldItalic.ufont" 519
"../../../Engine/Content/EngineFonts/Roboto.uasset" 520
"../../../Engine/Content/EngineFonts/Roboto.uexp" 521
"../../../Engine/Content/Functions/Engine_MaterialFunctions02/Utility/CameraDirectionVector.uasset" 522
"../../../Engine/Content/Functions/Engine_MaterialFunctions02/Utility/CameraDirectionVector.uexp" 523
"../../../Engine/Content/EngineDebugMaterials/VolumeToRender.uasset" 524
"../../../Engine/Content/EngineDebugMaterials/VolumeToRender.uexp" 525
"../../../Engine/Content/EngineDebugMaterials/M_VolumeRenderSphereTracePP.uasset" 526
"../../../Engine/Content/EngineDebugMaterials/M_VolumeRenderSphereTracePP.uexp" 527
"../../../Engine/Content/EngineDebugMaterials/M_SimpleUnlitTranslucent.uasset" 528
"../../../Engine/Content/EngineDebugMaterials/M_SimpleUnlitTranslucent.uexp" 529
"../../../Engine/Content/EngineDebugMaterials/DebugMeshMaterial.uasset" 530
"../../../Engine/Content/EngineDebugMaterials/DebugMeshMaterial.uexp" 531
"../../../Engine/Content/EngineDebugMaterials/DebugEditorMaterial.uasset" 532
"../../../Engine/Content/EngineDebugMaterials/DebugEditorMaterial.uexp" 533
"../../../Engine/Content/EngineDamageTypes/DmgTypeBP_Environmental.uasset" 534
"../../../Engine/Content/EngineDamageTypes/DmgTypeBP_Environmental.uexp" 535
"../../../Engine/Content/EditorResources/S_Terrain.ubulk" 536
"../../../Engine/Content/EditorResources/S_Terrain.uasset" 537
"../../../Engine/Content/EditorResources/S_Terrain.uexp" 538
"../../../Engine/Content/EditorResources/EmptyActor.uasset" 539
"../../../Engine/Content/EditorResources/EmptyActor.uexp" 540
"../../../Engine/Content/EditorResources/BSPVertex.uasset" 541
"../../../Engine/Content/EditorResources/BSPVertex.uexp" 542
"../../../Engine/Content/EditorMaterials/PreviewShadowIndicator.ubulk" 543
"../../../Engine/Content/EditorMaterials/PreviewShadowIndicator.uasset" 544
"../../../Engine/Content/EditorMaterials/PreviewShadowIndicator.uexp" 545
"../../../Engine/Content/EditorMaterials/PreviewShadowIndicatorMaterial.uasset" 546
"../../../Engine/Content/EditorMaterials/PreviewShadowIndicatorMaterial.uexp" 547
"../../../Engine/Content/EditorMaterials/PhAT_UnselectedMaterial.uasset" 548
"../../../Engine/Content/EditorMaterials/PhAT_UnselectedMaterial.uexp" 549
"../../../Engine/Content/EditorMaterials/PhAT_NoCollisionMaterial.uasset" 550
"../../../Engine/Content/EditorMaterials/PhAT_NoCollisionMaterial.uexp" 551
"../../../Engine/Content/EditorLandscapeResources/DefaultAlphaTexture.uasset" 552
"../../../Engine/Content/EditorLandscapeResources/DefaultAlphaTexture.uexp" 553
"../../../Engine/Content/EditorLandscapeResources/DataLayer.uasset" 554
"../../../Engine/Content/EditorLandscapeResources/DataLayer.uexp" 555
"../../../Engine/Content/EngineMaterials/DefaultMaterial.uasset" 556
"../../../Engine/Content/EngineMaterials/DefaultMaterial.uexp" 557
"../../../Engine/Content/BasicShapes/Sphere.ubulk" 558
"../../../Engine/Content/BasicShapes/Sphere.uasset" 559
"../../../Engine/Content/BasicShapes/Sphere.uexp" 560
"../../../Engine/Content/BasicShapes/Plane.ubulk" 561
"../../../Engine/Content/BasicShapes/Plane.uasset" 562
"../../../Engine/Content/BasicShapes/Plane.uexp" 563
"../../../Engine/Content/BasicShapes/Cylinder.ubulk" 564
"../../../Engine/Content/BasicShapes/Cylinder.uasset" 565
"../../../Engine/Content/BasicShapes/Cylinder.uexp" 566
"../../../Engine/Content/BasicShapes/Cube.ubulk" 567
"../../../Engine/Content/BasicShapes/Cube.uasset" 568
"../../../Engine/Content/BasicShapes/Cube.uexp" 569
"../../../Engine/Content/BasicShapes/Cone.ubulk" 570
"../../../Engine/Content/BasicShapes/Cone.uasset" 571
"../../../Engine/Content/BasicShapes/Cone.uexp" 572
"../../../Engine/Content/BasicShapes/BasicShapeMaterial.uasset" 573
"../../../Engine/Content/BasicShapes/BasicShapeMaterial.uexp" 574
"../../../Engine/Plugins/Runtime/MeshModelingToolset/Content/Materials/M_DynamicMeshComponentVtxColor.uasset" 575
"../../../Engine/Plugins/Runtime/MeshModelingToolset/Content/Materials/M_DynamicMeshComponentVtxColor.uexp" 576
"../../../Engine/Plugins/Interchange/Runtime/Content/Pipelines/DefaultTexturePipeline.uasset" 577
"../../../Engine/Plugins/Interchange/Runtime/Content/Pipelines/DefaultTexturePipeline.uexp" 578
"../../../Engine/Plugins/Interchange/Runtime/Content/Pipelines/DefaultSceneLevelPipeline.uasset" 579
"../../../Engine/Plugins/Interchange/Runtime/Content/Pipelines/DefaultSceneLevelPipeline.uexp" 580
"../../../Engine/Plugins/Interchange/Runtime/Content/Pipelines/DefaultSceneAssetsPipeline.uasset" 581
"../../../Engine/Plugins/Interchange/Runtime/Content/Pipelines/DefaultSceneAssetsPipeline.uexp" 582
"../../../Engine/Plugins/Interchange/Runtime/Content/Pipelines/DefaultMaterialXPipeline.uasset" 583
"../../../Engine/Plugins/Interchange/Runtime/Content/Pipelines/DefaultMaterialXPipeline.uexp" 584
"../../../Engine/Plugins/Interchange/Runtime/Content/Pipelines/DefaultMaterialPipeline.uasset" 585
"../../../Engine/Plugins/Interchange/Runtime/Content/Pipelines/DefaultMaterialPipeline.uexp" 586
"../../../Engine/Plugins/Interchange/Runtime/Content/Pipelines/DefaultGLTFSceneAssetsPipeline.uasset" 587
"../../../Engine/Plugins/Interchange/Runtime/Content/Pipelines/DefaultGLTFSceneAssetsPipeline.uexp" 588
"../../../Engine/Plugins/Interchange/Runtime/Content/Pipelines/DefaultGLTFPipeline.uasset" 589
"../../../Engine/Plugins/Interchange/Runtime/Content/Pipelines/DefaultGLTFPipeline.uexp" 590
"../../../Engine/Plugins/Interchange/Runtime/Content/Pipelines/DefaultGLTFAssetsPipeline.uasset" 591
"../../../Engine/Plugins/Interchange/Runtime/Content/Pipelines/DefaultGLTFAssetsPipeline.uexp" 592
"../../../Engine/Plugins/Interchange/Runtime/Content/Pipelines/DefaultAssetsPipeline.uasset" 593
"../../../Engine/Plugins/Interchange/Runtime/Content/Pipelines/DefaultAssetsPipeline.uexp" 594
"../../../Engine/Plugins/Interchange/Runtime/Content/Functions/MX_UsdPreviewSurface.uasset" 595
"../../../Engine/Plugins/Interchange/Runtime/Content/Functions/MX_UsdPreviewSurface.uexp" 596
"../../../Engine/Plugins/Interchange/Runtime/Content/Functions/MX_UniformEDF.uasset" 597
"../../../Engine/Plugins/Interchange/Runtime/Content/Functions/MX_UniformEDF.uexp" 598
"../../../Engine/Plugins/Interchange/Runtime/Content/Functions/MX_TranslucentBSDF.uasset" 599
"../../../Engine/Plugins/Interchange/Runtime/Content/Functions/MX_TranslucentBSDF.uexp" 600
"../../../Engine/Plugins/Interchange/Runtime/Content/Functions/MX_ThinFilmBSDF.uasset" 601
"../../../Engine/Plugins/Interchange/Runtime/Content/Functions/MX_ThinFilmBSDF.uexp" 602
"../../../Engine/Plugins/Interchange/Runtime/Content/Functions/MX_SurfaceUnlit.uasset" 603
"../../../Engine/Plugins/Interchange/Runtime/Content/Functions/MX_SurfaceUnlit.uexp" 604
"../../../Engine/Plugins/Interchange/Runtime/Content/Functions/MX_Surface.uasset" 605
"../../../Engine/Plugins/Interchange/Runtime/Content/Functions/MX_Surface.uexp" 606
"../../../Engine/Plugins/Interchange/Runtime/Content/Functions/MX_SubsurfaceBSDF.uasset" 607
"../../../Engine/Plugins/Interchange/Runtime/Content/Functions/MX_SubsurfaceBSDF.uexp" 608
"../../../Engine/Plugins/Interchange/Runtime/Content/Functions/MX_SheenBSDF.uasset" 609
"../../../Engine/Plugins/Interchange/Runtime/Content/Functions/MX_SheenBSDF.uexp" 610
"../../../Engine/Plugins/Interchange/Runtime/Content/Functions/MX_OrenNayarBSDF.uasset" 611
"../../../Engine/Plugins/Interchange/Runtime/Content/Functions/MX_OrenNayarBSDF.uexp" 612
"../../../Engine/Content/Functions/Engine_MaterialFunctions01/Volumetrics/BeersLaw.uasset" 613
"../../../Engine/Content/Functions/Engine_MaterialFunctions01/Volumetrics/BeersLaw.uexp" 614
"../../../Engine/Content/EngineMaterials/Good64x64TilingNoiseHighFreq.uasset" 615
"../../../Engine/Content/EngineMaterials/Good64x64TilingNoiseHighFreq.uexp" 616
"../../../Engine/Content/Functions/Engine_MaterialFunctions02/Texturing/ScreenAlignedPixelToPixelUVs.uasset" 617
"../../../Engine/Content/Functions/Engine_MaterialFunctions02/Texturing/ScreenAlignedPixelToPixelUVs.uexp" 618
"../../../Engine/Plugins/Interchange/Runtime/Content/gltf/MaterialFunctions/MF_Temporal_Blur.uasset" 619
"../../../Engine/Plugins/Interchange/Runtime/Content/gltf/MaterialFunctions/MF_Temporal_Blur.uexp" 620
"../../../Engine/Plugins/Interchange/Runtime/Content/gltf/MaterialFunctions/MF_Fresnel_DS.uasset" 621
"../../../Engine/Plugins/Interchange/Runtime/Content/gltf/MaterialFunctions/MF_Fresnel_DS.uexp" 622
"../../../Engine/Plugins/Interchange/Runtime/Content/Functions/MX_Transmission.uasset" 623
"../../../Engine/Plugins/Interchange/Runtime/Content/Functions/MX_Transmission.uexp" 624
"../../../Engine/Plugins/Interchange/Runtime/Content/Functions/MF_OrenNayerView.uasset" 625
"../../../Engine/Plugins/Interchange/Runtime/Content/Functions/MF_OrenNayerView.uexp" 626
"../../../Engine/Plugins/Interchange/Runtime/Content/Functions/MF_SchlickApprox.uasset" 627
"../../../Engine/Plugins/Interchange/Runtime/Content/Functions/MF_SchlickApprox.uexp" 628
"../../../Engine/Plugins/Interchange/Runtime/Content/Utilities/New_LUT.uasset" 629
"../../../Engine/Plugins/Interchange/Runtime/Content/Utilities/New_LUT.uexp" 630
"../../../Engine/Content/Functions/Engine_MaterialFunctions03/Math/RemapValueRange.uasset" 631
"../../../Engine/Content/Functions/Engine_MaterialFunctions03/Math/RemapValueRange.uexp" 632
"../../../Engine/Plugins/Interchange/Runtime/Content/Functions/MF_Iridescence.uasset" 633
"../../../Engine/Plugins/Interchange/Runtime/Content/Functions/MF_Iridescence.uexp" 634
"../../../Engine/Plugins/Interchange/Runtime/Content/Functions/MX_StandardSurface.uasset" 635
"../../../Engine/Plugins/Interchange/Runtime/Content/Functions/MX_StandardSurface.uexp" 636
"../../../Engine/Plugins/Interchange/Runtime/Content/Functions/MX_TransmissionSurface.uasset" 637
"../../../Engine/Plugins/Interchange/Runtime/Content/Functions/MX_TransmissionSurface.uexp" 638
"../../../Engine/Plugins/Interchange/Runtime/Content/Functions/MX_OpenPBR_Translucent.uasset" 639
"../../../Engine/Plugins/Interchange/Runtime/Content/Functions/MX_OpenPBR_Translucent.uexp" 640
"../../../Engine/Plugins/Interchange/Runtime/Content/Functions/MX_OpenPBR_Opaque.uasset" 641
"../../../Engine/Plugins/Interchange/Runtime/Content/Functions/MX_OpenPBR_Opaque.uexp" 642
"../../../Engine/Plugins/Interchange/Runtime/Content/Functions/MX_MeasuredEDF.uasset" 643
"../../../Engine/Plugins/Interchange/Runtime/Content/Functions/MX_MeasuredEDF.uexp" 644
"../../../Engine/Plugins/Interchange/Runtime/Content/Functions/MX_GeneralizedSchlickBSDF.uasset" 645
"../../../Engine/Plugins/Interchange/Runtime/Content/Functions/MX_GeneralizedSchlickBSDF.uexp" 646
"../../../Engine/Plugins/Interchange/Runtime/Content/Functions/MX_DielectricBSDF.uasset" 647
"../../../Engine/Plugins/Interchange/Runtime/Content/Functions/MX_DielectricBSDF.uexp" 648
"../../../Engine/Plugins/Interchange/Runtime/Content/Functions/MX_ConicalEDF.uasset" 649
"../../../Engine/Plugins/Interchange/Runtime/Content/Functions/MX_ConicalEDF.uexp" 650
"../../../Engine/Plugins/Interchange/Runtime/Content/Functions/MX_ConductorBSDF.uasset" 651
"../../../Engine/Plugins/Interchange/Runtime/Content/Functions/MX_ConductorBSDF.uexp" 652
"../../../Engine/Plugins/Interchange/Runtime/Content/Functions/MX_BurleyDiffuseBSDF.uasset" 653
"../../../Engine/Plugins/Interchange/Runtime/Content/Functions/MX_BurleyDiffuseBSDF.uexp" 654
"../../../Engine/Plugins/Interchange/Runtime/Content/Functions/MX_AnisotropicVDF.uasset" 655
"../../../Engine/Plugins/Interchange/Runtime/Content/Functions/MX_AnisotropicVDF.uexp" 656
"../../../Engine/Plugins/Interchange/Runtime/Content/Functions/MX_AbsorptionVDF.uasset" 657
"../../../Engine/Plugins/Interchange/Runtime/Content/Functions/MX_AbsorptionVDF.uexp" 658
"A:/GameDev/Projs/T_UE_Client/UEProj/Content/LevelPrototyping/Textures/T_GridChecker_A.ubulk" 659
"A:/GameDev/Projs/T_UE_Client/UEProj/Content/LevelPrototyping/Textures/T_GridChecker_A.uasset" 660
"A:/GameDev/Projs/T_UE_Client/UEProj/Content/LevelPrototyping/Textures/T_GridChecker_A.uexp" 661
"../../../Engine/Content/Functions/Engine_MaterialFunctions01/Gradient/LinearGradient.uasset" 662
"../../../Engine/Content/Functions/Engine_MaterialFunctions01/Gradient/LinearGradient.uexp" 663
"../../../Engine/Content/Functions/Engine_MaterialFunctions01/ImageAdjustment/CheapContrast.uasset" 664
"../../../Engine/Content/Functions/Engine_MaterialFunctions01/ImageAdjustment/CheapContrast.uexp" 665
"A:/GameDev/Projs/T_UE_Client/UEProj/Content/LevelPrototyping/Materials/MF_ProcGrid.uasset" 666
"A:/GameDev/Projs/T_UE_Client/UEProj/Content/LevelPrototyping/Materials/MF_ProcGrid.uexp" 667
"A:/GameDev/Projs/T_UE_Client/UEProj/Content/LevelPrototyping/Materials/M_PrototypeGrid.uasset" 668
"A:/GameDev/Projs/T_UE_Client/UEProj/Content/LevelPrototyping/Materials/M_PrototypeGrid.uexp" 669
"A:/GameDev/Projs/T_UE_Client/UEProj/Content/LevelPrototyping/Materials/MI_PrototypeGrid_Gray.uasset" 670
"A:/GameDev/Projs/T_UE_Client/UEProj/Content/LevelPrototyping/Materials/MI_PrototypeGrid_Gray.uexp" 671
"A:/GameDev/Projs/T_UE_Client/UEProj/Content/LevelPrototyping/Meshes/SM_Cylinder.ubulk" 672
"A:/GameDev/Projs/T_UE_Client/UEProj/Content/LevelPrototyping/Meshes/SM_Cylinder.uasset" 673
"A:/GameDev/Projs/T_UE_Client/UEProj/Content/LevelPrototyping/Meshes/SM_Cylinder.uexp" 674
"A:/GameDev/Projs/T_UE_Client/UEProj/Content/LevelPrototyping/Materials/MI_PrototypeGrid_Gray_02.uasset" 675
"A:/GameDev/Projs/T_UE_Client/UEProj/Content/LevelPrototyping/Materials/MI_PrototypeGrid_Gray_02.uexp" 676
"A:/GameDev/Projs/T_UE_Client/UEProj/Content/FPWeapon/Mesh/SK_FPGun_PhysicsAsset.uasset" 677
"A:/GameDev/Projs/T_UE_Client/UEProj/Content/FPWeapon/Mesh/SK_FPGun_PhysicsAsset.uexp" 678
"A:/GameDev/Projs/T_UE_Client/UEProj/Content/FirstPerson/Maps/FirstPersonMap_BuiltData.ubulk" 679
"A:/GameDev/Projs/T_UE_Client/UEProj/Content/FirstPerson/Maps/FirstPersonMap_BuiltData.uasset" 680
"A:/GameDev/Projs/T_UE_Client/UEProj/Content/FirstPerson/Maps/FirstPersonMap_BuiltData.uexp" 681
"../../../Engine/Content/MobileResources/HUD/VirtualJoystick_Background.uasset" 682
"../../../Engine/Content/MobileResources/HUD/VirtualJoystick_Background.uexp" 683
"../../../Engine/Content/MobileResources/HUD/VirtualJoystick_Thumb.uasset" 684
"../../../Engine/Content/MobileResources/HUD/VirtualJoystick_Thumb.uexp" 685
"A:/GameDev/Projs/T_UE_Client/UEProj/Content/FirstPerson/Input/MobileControls.uasset" 686
"A:/GameDev/Projs/T_UE_Client/UEProj/Content/FirstPerson/Input/MobileControls.uexp" 687
"../../../Engine/Plugins/Interchange/Runtime/Content/gltf/MaterialFunctions/MF_RotateV2.uasset" 688
"../../../Engine/Plugins/Interchange/Runtime/Content/gltf/MaterialFunctions/MF_RotateV2.uexp" 689
"../../../Engine/Plugins/Interchange/Runtime/Content/gltf/MaterialFunctions/MF_TransformUVs.uasset" 690
"../../../Engine/Plugins/Interchange/Runtime/Content/gltf/MaterialFunctions/MF_TransformUVs.uexp" 691
"../../../Engine/Plugins/Interchange/Runtime/Content/gltf/Textures/T_White_srgb.uasset" 692
"../../../Engine/Plugins/Interchange/Runtime/Content/gltf/Textures/T_White_srgb.uexp" 693
"../../../Engine/Plugins/Interchange/Runtime/Content/gltf/MaterialFunctions/MF_BaseColor.uasset" 694
"../../../Engine/Plugins/Interchange/Runtime/Content/gltf/MaterialFunctions/MF_BaseColor.uexp" 695
"../../../Engine/Plugins/Interchange/Runtime/Content/gltf/MaterialBodies/MF_Unlit_Body.uasset" 696
"../../../Engine/Plugins/Interchange/Runtime/Content/gltf/MaterialBodies/MF_Unlit_Body.uexp" 697
"../../../Engine/Plugins/Interchange/Runtime/Content/gltf/M_Unlit.uasset" 698
"../../../Engine/Plugins/Interchange/Runtime/Content/gltf/M_Unlit.uexp" 699
"../../../Engine/Plugins/Interchange/Runtime/Content/gltf/MaterialInstances/MI_Unlit_Opaque_DS.uasset" 700
"../../../Engine/Plugins/Interchange/Runtime/Content/gltf/MaterialInstances/MI_Unlit_Opaque_DS.uexp" 701
"../../../Engine/Plugins/Interchange/Runtime/Content/gltf/MaterialInstances/MI_Unlit_Opaque.uasset" 702
"../../../Engine/Plugins/Interchange/Runtime/Content/gltf/MaterialInstances/MI_Unlit_Opaque.uexp" 703
"../../../Engine/Plugins/Interchange/Runtime/Content/gltf/MaterialInstances/MI_Unlit_Mask_DS.uasset" 704
"../../../Engine/Plugins/Interchange/Runtime/Content/gltf/MaterialInstances/MI_Unlit_Mask_DS.uexp" 705
"../../../Engine/Plugins/Interchange/Runtime/Content/gltf/MaterialInstances/MI_Unlit_Mask.uasset" 706
"../../../Engine/Plugins/Interchange/Runtime/Content/gltf/MaterialInstances/MI_Unlit_Mask.uexp" 707
"../../../Engine/Plugins/Interchange/Runtime/Content/gltf/MaterialInstances/MI_Unlit_Blend_DS.uasset" 708
"../../../Engine/Plugins/Interchange/Runtime/Content/gltf/MaterialInstances/MI_Unlit_Blend_DS.uexp" 709
"../../../Engine/Plugins/Interchange/Runtime/Content/gltf/MaterialInstances/MI_Unlit_Blend.uasset" 710
"../../../Engine/Plugins/Interchange/Runtime/Content/gltf/MaterialInstances/MI_Unlit_Blend.uexp" 711
"../../../Engine/Plugins/Interchange/Runtime/Content/gltf/MaterialFunctions/MF_Iridescence.uasset" 712
"../../../Engine/Plugins/Interchange/Runtime/Content/gltf/MaterialFunctions/MF_Iridescence.uexp" 713
"../../../Engine/Plugins/Interchange/Runtime/Content/gltf/Textures/T_White_Linear.uasset" 714
"../../../Engine/Plugins/Interchange/Runtime/Content/gltf/Textures/T_White_Linear.uexp" 715
"../../../Engine/Plugins/Interchange/Runtime/Content/gltf/MaterialFunctions/MF_MetallicRoughness.uasset" 716
"../../../Engine/Plugins/Interchange/Runtime/Content/gltf/MaterialFunctions/MF_MetallicRoughness.uexp" 717
"../../../Engine/Plugins/Interchange/Runtime/Content/gltf/MaterialFunctions/MF_Transmission.uasset" 718
"../../../Engine/Plugins/Interchange/Runtime/Content/gltf/MaterialFunctions/MF_Transmission.uexp" 719
"../../../Engine/Plugins/Interchange/Runtime/Content/gltf/MaterialFunctions/MF_Occlusion.uasset" 720
"../../../Engine/Plugins/Interchange/Runtime/Content/gltf/MaterialFunctions/MF_Occlusion.uexp" 721
"../../../Engine/Plugins/Interchange/Runtime/Content/gltf/MaterialFunctions/MF_Specular.uasset" 722
"../../../Engine/Plugins/Interchange/Runtime/Content/gltf/MaterialFunctions/MF_Specular.uexp" 723
"../../../Engine/Plugins/Interchange/Runtime/Content/gltf/MaterialFunctions/MF_IOR.uasset" 724
"../../../Engine/Plugins/Interchange/Runtime/Content/gltf/MaterialFunctions/MF_IOR.uexp" 725
"../../../Engine/Plugins/Interchange/Runtime/Content/gltf/MaterialFunctions/MF_RotateNormals_TS.uasset" 726
"../../../Engine/Plugins/Interchange/Runtime/Content/gltf/MaterialFunctions/MF_RotateNormals_TS.uexp" 727
"../../../Engine/Plugins/Interchange/Runtime/Content/gltf/Textures/T_Generic_N.uasset" 728
"../../../Engine/Plugins/Interchange/Runtime/Content/gltf/Textures/T_Generic_N.uexp" 729
"../../../Engine/Plugins/Interchange/Runtime/Content/gltf/MaterialFunctions/MF_Normals.uasset" 730
"../../../Engine/Plugins/Interchange/Runtime/Content/gltf/MaterialFunctions/MF_Normals.uexp" 731
"../../../Engine/Plugins/Interchange/Runtime/Content/gltf/MaterialBodies/MF_Transmission_Body.uasset" 732
"../../../Engine/Plugins/Interchange/Runtime/Content/gltf/MaterialBodies/MF_Transmission_Body.uexp" 733
"../../../Engine/Plugins/Interchange/Runtime/Content/gltf/M_Transmission.uasset" 734
"../../../Engine/Plugins/Interchange/Runtime/Content/gltf/M_Transmission.uexp" 735
"../../../Engine/Plugins/Interchange/Runtime/Content/gltf/MaterialInstances/MI_Transmission_DS.uasset" 736
"../../../Engine/Plugins/Interchange/Runtime/Content/gltf/MaterialInstances/MI_Transmission_DS.uexp" 737
"../../../Engine/Plugins/Interchange/Runtime/Content/gltf/MaterialInstances/MI_Transmission.uasset" 738
"../../../Engine/Plugins/Interchange/Runtime/Content/gltf/MaterialInstances/MI_Transmission.uexp" 739
"../../../Engine/Plugins/Interchange/Runtime/Content/gltf/MaterialFunctions/MF_DiffuseSpecGloss.uasset" 740
"../../../Engine/Plugins/Interchange/Runtime/Content/gltf/MaterialFunctions/MF_DiffuseSpecGloss.uexp" 741
"../../../Engine/Content/Functions/Engine_MaterialFunctions02/Math/AddComponents.uasset" 742
"../../../Engine/Content/Functions/Engine_MaterialFunctions02/Math/AddComponents.uexp" 743
"../../../Engine/Plugins/Interchange/Runtime/Content/gltf/MaterialFunctions/MF_PerceivedBrightness.uasset" 744
"../../../Engine/Plugins/Interchange/Runtime/Content/gltf/MaterialFunctions/MF_PerceivedBrightness.uexp" 745
"../../../Engine/Plugins/Interchange/Runtime/Content/gltf/MaterialFunctions/MF_Emissive.uasset" 746
"../../../Engine/Plugins/Interchange/Runtime/Content/gltf/MaterialFunctions/MF_Emissive.uexp" 747
"../../../Engine/Plugins/Interchange/Runtime/Content/gltf/MaterialFunctions/MF_SpecGlossToMetalRoughness.uasset" 748
"../../../Engine/Plugins/Interchange/Runtime/Content/gltf/MaterialFunctions/MF_SpecGlossToMetalRoughness.uexp" 749
"../../../Engine/Plugins/Interchange/Runtime/Content/gltf/MaterialBodies/MF_SpecularGlossiness_Body.uasset" 750
"../../../Engine/Plugins/Interchange/Runtime/Content/gltf/MaterialBodies/MF_SpecularGlossiness_Body.uexp" 751
"../../../Engine/Plugins/Interchange/Runtime/Content/gltf/M_SpecularGlossiness.uasset" 752
"../../../Engine/Plugins/Interchange/Runtime/Content/gltf/M_SpecularGlossiness.uexp" 753
"../../../Engine/Plugins/Interchange/Runtime/Content/gltf/MaterialInstances/MI_SpecularGlossiness_Opaque_DS.uasset" 754
"../../../Engine/Plugins/Interchange/Runtime/Content/gltf/MaterialInstances/MI_SpecularGlossiness_Opaque_DS.uexp" 755
"../../../Engine/Plugins/Interchange/Runtime/Content/gltf/MaterialInstances/MI_SpecularGlossiness_Opaque.uasset" 756
"../../../Engine/Plugins/Interchange/Runtime/Content/gltf/MaterialInstances/MI_SpecularGlossiness_Opaque.uexp" 757
"../../../Engine/Plugins/Interchange/Runtime/Content/gltf/MaterialInstances/MI_SpecularGlossiness_Mask_DS.uasset" 758
"../../../Engine/Plugins/Interchange/Runtime/Content/gltf/MaterialInstances/MI_SpecularGlossiness_Mask_DS.uexp" 759
"../../../Engine/Plugins/Interchange/Runtime/Content/gltf/MaterialInstances/MI_SpecularGlossiness_Mask.uasset" 760
"../../../Engine/Plugins/Interchange/Runtime/Content/gltf/MaterialInstances/MI_SpecularGlossiness_Mask.uexp" 761
"../../../Engine/Plugins/Interchange/Runtime/Content/gltf/MaterialInstances/MI_SpecularGlossiness_Blend_DS.uasset" 762
"../../../Engine/Plugins/Interchange/Runtime/Content/gltf/MaterialInstances/MI_SpecularGlossiness_Blend_DS.uexp" 763
"../../../Engine/Plugins/Interchange/Runtime/Content/gltf/MaterialInstances/MI_SpecularGlossiness_Blend.uasset" 764
"../../../Engine/Plugins/Interchange/Runtime/Content/gltf/MaterialInstances/MI_SpecularGlossiness_Blend.uexp" 765
"../../../Engine/Plugins/Interchange/Runtime/Content/gltf/MaterialFunctions/MF_Sheen.uasset" 766
"../../../Engine/Plugins/Interchange/Runtime/Content/gltf/MaterialFunctions/MF_Sheen.uexp" 767
"../../../Engine/Plugins/Interchange/Runtime/Content/gltf/MaterialBodies/MF_Sheen_Body.uasset" 768
"../../../Engine/Plugins/Interchange/Runtime/Content/gltf/MaterialBodies/MF_Sheen_Body.uexp" 769
"../../../Engine/Plugins/Interchange/Runtime/Content/gltf/M_Sheen.uasset" 770
"../../../Engine/Plugins/Interchange/Runtime/Content/gltf/M_Sheen.uexp" 771
"../../../Engine/Plugins/Interchange/Runtime/Content/gltf/MaterialInstances/MI_Sheen_Opaque_DS.uasset" 772
"../../../Engine/Plugins/Interchange/Runtime/Content/gltf/MaterialInstances/MI_Sheen_Opaque_DS.uexp" 773
"../../../Engine/Plugins/Interchange/Runtime/Content/gltf/MaterialInstances/MI_Sheen_Opaque.uasset" 774
"../../../Engine/Plugins/Interchange/Runtime/Content/gltf/MaterialInstances/MI_Sheen_Opaque.uexp" 775
"../../../Engine/Plugins/Interchange/Runtime/Content/gltf/MaterialInstances/MI_Sheen_Mask_DS.uasset" 776
"../../../Engine/Plugins/Interchange/Runtime/Content/gltf/MaterialInstances/MI_Sheen_Mask_DS.uexp" 777
"../../../Engine/Plugins/Interchange/Runtime/Content/gltf/MaterialInstances/MI_Sheen_Mask.uasset" 778
"../../../Engine/Plugins/Interchange/Runtime/Content/gltf/MaterialInstances/MI_Sheen_Mask.uexp" 779
"../../../Engine/Plugins/Interchange/Runtime/Content/gltf/MaterialInstances/MI_Sheen_Blend_DS.uasset" 780
"../../../Engine/Plugins/Interchange/Runtime/Content/gltf/MaterialInstances/MI_Sheen_Blend_DS.uexp" 781
"../../../Engine/Plugins/Interchange/Runtime/Content/gltf/MaterialInstances/MI_Sheen_Blend.uasset" 782
"../../../Engine/Plugins/Interchange/Runtime/Content/gltf/MaterialInstances/MI_Sheen_Blend.uexp" 783
"../../../Engine/Plugins/Interchange/Runtime/Content/gltf/MaterialBodies/MF_Default_Body.uasset" 784
"../../../Engine/Plugins/Interchange/Runtime/Content/gltf/MaterialBodies/MF_Default_Body.uexp" 785
"../../../Engine/Plugins/Interchange/Runtime/Content/gltf/M_Default.uasset" 786
"../../../Engine/Plugins/Interchange/Runtime/Content/gltf/M_Default.uexp" 787
"../../../Engine/Plugins/Interchange/Runtime/Content/gltf/MaterialInstances/MI_Default_Opaque_DS.uasset" 788
"../../../Engine/Plugins/Interchange/Runtime/Content/gltf/MaterialInstances/MI_Default_Opaque_DS.uexp" 789
"../../../Engine/Plugins/Interchange/Runtime/Content/gltf/MaterialInstances/MI_Default_Opaque.uasset" 790
"../../../Engine/Plugins/Interchange/Runtime/Content/gltf/MaterialInstances/MI_Default_Opaque.uexp" 791
"../../../Engine/Plugins/Interchange/Runtime/Content/gltf/MaterialInstances/MI_Default_Mask_DS.uasset" 792
"../../../Engine/Plugins/Interchange/Runtime/Content/gltf/MaterialInstances/MI_Default_Mask_DS.uexp" 793
"../../../Engine/Plugins/Interchange/Runtime/Content/gltf/MaterialInstances/MI_Default_Mask.uasset" 794
"../../../Engine/Plugins/Interchange/Runtime/Content/gltf/MaterialInstances/MI_Default_Mask.uexp" 795
"../../../Engine/Plugins/Interchange/Runtime/Content/gltf/MaterialInstances/MI_Default_Blend_DS.uasset" 796
"../../../Engine/Plugins/Interchange/Runtime/Content/gltf/MaterialInstances/MI_Default_Blend_DS.uexp" 797
"../../../Engine/Plugins/Interchange/Runtime/Content/gltf/MaterialInstances/MI_Default_Blend.uasset" 798
"../../../Engine/Plugins/Interchange/Runtime/Content/gltf/MaterialInstances/MI_Default_Blend.uexp" 799
"../../../Engine/Content/Functions/Engine_MaterialFunctions01/Texturing/FlattenNormal.uasset" 800
"../../../Engine/Content/Functions/Engine_MaterialFunctions01/Texturing/FlattenNormal.uexp" 801
"../../../Engine/Plugins/Interchange/Runtime/Content/gltf/MaterialFunctions/MF_Clearcoat.uasset" 802
"../../../Engine/Plugins/Interchange/Runtime/Content/gltf/MaterialFunctions/MF_Clearcoat.uexp" 803
"../../../Engine/Plugins/Interchange/Runtime/Content/gltf/MaterialBodies/MF_ClearCoat_Body.uasset" 804
"../../../Engine/Plugins/Interchange/Runtime/Content/gltf/MaterialBodies/MF_ClearCoat_Body.uexp" 805
"../../../Engine/Plugins/Interchange/Runtime/Content/gltf/M_ClearCoat.uasset" 806
"../../../Engine/Plugins/Interchange/Runtime/Content/gltf/M_ClearCoat.uexp" 807
"../../../Engine/Plugins/Interchange/Runtime/Content/gltf/MaterialInstances/MI_ClearCoat_Opaque_DS.uasset" 808
"../../../Engine/Plugins/Interchange/Runtime/Content/gltf/MaterialInstances/MI_ClearCoat_Opaque_DS.uexp" 809
"../../../Engine/Plugins/Interchange/Runtime/Content/gltf/MaterialInstances/MI_ClearCoat_Opaque.uasset" 810
"../../../Engine/Plugins/Interchange/Runtime/Content/gltf/MaterialInstances/MI_ClearCoat_Opaque.uexp" 811
"../../../Engine/Plugins/Interchange/Runtime/Content/gltf/MaterialInstances/MI_ClearCoat_Mask_DS.uasset" 812
"../../../Engine/Plugins/Interchange/Runtime/Content/gltf/MaterialInstances/MI_ClearCoat_Mask_DS.uexp" 813
"../../../Engine/Plugins/Interchange/Runtime/Content/gltf/MaterialInstances/MI_ClearCoat_Mask.uasset" 814
"../../../Engine/Plugins/Interchange/Runtime/Content/gltf/MaterialInstances/MI_ClearCoat_Mask.uexp" 815
"../../../Engine/Plugins/Interchange/Runtime/Content/gltf/MaterialInstances/MI_ClearCoat_Blend_DS.uasset" 816
"../../../Engine/Plugins/Interchange/Runtime/Content/gltf/MaterialInstances/MI_ClearCoat_Blend_DS.uexp" 817
"../../../Engine/Plugins/Interchange/Runtime/Content/gltf/MaterialInstances/MI_ClearCoat_Blend.uasset" 818
"../../../Engine/Plugins/Interchange/Runtime/Content/gltf/MaterialInstances/MI_ClearCoat_Blend.uexp" 819
"../../../Engine/Content/EngineSky/VolumetricClouds/CloudWeatherTexture.uasset" 820
"../../../Engine/Content/EngineSky/VolumetricClouds/CloudWeatherTexture.uexp" 821
"../../../Engine/Content/Functions/Engine_MaterialFunctions02/Utility/MakeFloat2.uasset" 822
"../../../Engine/Content/Functions/Engine_MaterialFunctions02/Utility/MakeFloat2.uexp" 823
"../../../Engine/Content/EngineSky/VolumetricClouds/CloudGradientTexture.uasset" 824
"../../../Engine/Content/EngineSky/VolumetricClouds/CloudGradientTexture.uexp" 825
"../../../Engine/Content/EngineSky/VolumetricClouds/T_NoiseShape64.ubulk" 826
"../../../Engine/Content/EngineSky/VolumetricClouds/T_NoiseShape64.uasset" 827
"../../../Engine/Content/EngineSky/VolumetricClouds/T_NoiseShape64.uexp" 828
"../../../Engine/Content/EngineSky/VolumetricClouds/T_VolumeNoiseShape64.uasset" 829
"../../../Engine/Content/EngineSky/VolumetricClouds/T_VolumeNoiseShape64.uexp" 830
"../../../Engine/Content/EngineSky/VolumetricClouds/T_NoiseErosion.ubulk" 831
"../../../Engine/Content/EngineSky/VolumetricClouds/T_NoiseErosion.uasset" 832
"../../../Engine/Content/EngineSky/VolumetricClouds/T_NoiseErosion.uexp" 833
"../../../Engine/Content/EngineSky/VolumetricClouds/T_VolumeNoiseErosion32.uasset" 834
"../../../Engine/Content/EngineSky/VolumetricClouds/T_VolumeNoiseErosion32.uexp" 835
"../../../Engine/Content/EngineSky/VolumetricClouds/m_SimpleVolumetricCloud.uasset" 836
"../../../Engine/Content/EngineSky/VolumetricClouds/m_SimpleVolumetricCloud.uexp" 837
"../../../Engine/Content/EngineSky/VolumetricClouds/m_SimpleVolumetricCloud_Inst.uasset" 838
"../../../Engine/Content/EngineSky/VolumetricClouds/m_SimpleVolumetricCloud_Inst.uexp" 839
"../../../Engine/Content/EngineResources/FilmGrains/Marcie_Grain_v3_128_M2_000.uasset" 840
"../../../Engine/Content/EngineResources/FilmGrains/Marcie_Grain_v3_128_M2_000.uexp" 841
"../../../Engine/Content/EditorResources/SequenceRecorder/RecordingIndicator.uasset" 842
"../../../Engine/Content/EditorResources/SequenceRecorder/RecordingIndicator.uexp" 843
"../../../Engine/Content/EditorResources/SequenceRecorder/Countdown.uasset" 844
"../../../Engine/Content/EditorResources/SequenceRecorder/Countdown.uexp" 845
"../../../Engine/Content/EditorMaterials/Dataflow/DataflowVertexMaterial.uasset" 846
"../../../Engine/Content/EditorMaterials/Dataflow/DataflowVertexMaterial.uexp" 847
"A:/GameDev/Projs/T_UE_Client/UEProj/Content/FPWeapon/Materials/MaterialLayers/T_ML_FineRubber.ubulk" 848
"A:/GameDev/Projs/T_UE_Client/UEProj/Content/FPWeapon/Materials/MaterialLayers/T_ML_FineRubber.uasset" 849
"A:/GameDev/Projs/T_UE_Client/UEProj/Content/FPWeapon/Materials/MaterialLayers/T_ML_FineRubber.uexp" 850
"../../../Engine/Content/Functions/Engine_MaterialFunctions01/Shading/PowerToRoughness.uasset" 851
"../../../Engine/Content/Functions/Engine_MaterialFunctions01/Shading/PowerToRoughness.uexp" 852
"../../../Engine/Content/Functions/Engine_MaterialFunctions01/Shading/ConvertFromDiffSpec.uasset" 853
"../../../Engine/Content/Functions/Engine_MaterialFunctions01/Shading/ConvertFromDiffSpec.uexp" 854
"../../../Engine/Content/EngineMaterials/Substrate/Volume/SubstrateSimpleVolumeLUT3D.uasset" 855
"../../../Engine/Content/EngineMaterials/Substrate/Volume/SubstrateSimpleVolumeLUT3D.uexp" 856
"../../../Engine/Content/EngineMaterials/Substrate/Volume/SubstrateSimpleVolumeEnvLUT3D.uasset" 857
"../../../Engine/Content/EngineMaterials/Substrate/Volume/SubstrateSimpleVolumeEnvLUT3D.uexp" 858
"../../../Engine/Content/EngineMaterials/Substrate/GLints2/AGlintTex2dArray2.uasset" 859
"../../../Engine/Content/EngineMaterials/Substrate/GLints2/AGlintTex2dArray2.uexp" 860
"../../../Engine/Content/EngineMaterials/Substrate/GLints/AGlintTex2dArray.uasset" 861
"../../../Engine/Content/EngineMaterials/Substrate/GLints/AGlintTex2dArray.uexp" 862
"A:/GameDev/Projs/T_UE_Client/UEProj/Content/LevelPrototyping/Meshes/SM_QuarterCylinder.ubulk" 863
"A:/GameDev/Projs/T_UE_Client/UEProj/Content/LevelPrototyping/Meshes/SM_QuarterCylinder.uasset" 864
"A:/GameDev/Projs/T_UE_Client/UEProj/Content/LevelPrototyping/Meshes/SM_QuarterCylinder.uexp" 865
"A:/GameDev/Projs/T_UE_Client/UEProj/Content/LevelPrototyping/Materials/MI_PrototypeGrid_TopDark.uasset" 866
"A:/GameDev/Projs/T_UE_Client/UEProj/Content/LevelPrototyping/Materials/MI_PrototypeGrid_TopDark.uexp" 867
"A:/GameDev/Projs/T_UE_Client/UEProj/Content/LevelPrototyping/Meshes/SM_Cube.ubulk" 868
"A:/GameDev/Projs/T_UE_Client/UEProj/Content/LevelPrototyping/Meshes/SM_Cube.uasset" 869
"A:/GameDev/Projs/T_UE_Client/UEProj/Content/LevelPrototyping/Meshes/SM_Cube.uexp" 870
"A:/GameDev/Projs/T_UE_Client/UEProj/Content/LevelPrototyping/Materials/M_Solid.uasset" 871
"A:/GameDev/Projs/T_UE_Client/UEProj/Content/LevelPrototyping/Materials/M_Solid.uexp" 872
"A:/GameDev/Projs/T_UE_Client/UEProj/Content/LevelPrototyping/Materials/MI_Solid_Blue.uasset" 873
"A:/GameDev/Projs/T_UE_Client/UEProj/Content/LevelPrototyping/Materials/MI_Solid_Blue.uexp" 874
"A:/GameDev/Projs/T_UE_Client/UEProj/Content/LevelPrototyping/Meshes/SM_ChamferCube.ubulk" 875
"A:/GameDev/Projs/T_UE_Client/UEProj/Content/LevelPrototyping/Meshes/SM_ChamferCube.uasset" 876
"A:/GameDev/Projs/T_UE_Client/UEProj/Content/LevelPrototyping/Meshes/SM_ChamferCube.uexp" 877
"A:/GameDev/Projs/T_UE_Client/UEProj/Content/LevelPrototyping/Meshes/SM_Ramp.ubulk" 878
"A:/GameDev/Projs/T_UE_Client/UEProj/Content/LevelPrototyping/Meshes/SM_Ramp.uasset" 879
"A:/GameDev/Projs/T_UE_Client/UEProj/Content/LevelPrototyping/Meshes/SM_Ramp.uexp" 880
"../../../Engine/Content/EngineSky/T_Sky_Stars.ubulk" 881
"../../../Engine/Content/EngineSky/T_Sky_Stars.uasset" 882
"../../../Engine/Content/EngineSky/T_Sky_Stars.uexp" 883
"../../../Engine/Content/EngineSky/T_Sky_Clouds_M.ubulk" 884
"../../../Engine/Content/EngineSky/T_Sky_Clouds_M.uasset" 885
"../../../Engine/Content/EngineSky/T_Sky_Clouds_M.uexp" 886
"../../../Engine/Content/EngineSky/T_Sky_Blue.ubulk" 887
"../../../Engine/Content/EngineSky/T_Sky_Blue.uasset" 888
"../../../Engine/Content/EngineSky/T_Sky_Blue.uexp" 889
"../../../Engine/Content/EngineSky/M_Sky_Panning_Clouds2.uasset" 890
"../../../Engine/Content/EngineSky/M_Sky_Panning_Clouds2.uexp" 891
"../../../Engine/Content/EngineSky/SM_SkySphere.ubulk" 892
"../../../Engine/Content/EngineSky/SM_SkySphere.uasset" 893
"../../../Engine/Content/EngineSky/SM_SkySphere.uexp" 894
"../../../Engine/Content/EngineSky/M_SimpleSkyDome.uasset" 895
"../../../Engine/Content/EngineSky/M_SimpleSkyDome.uexp" 896
"A:/GameDev/Projs/T_UE_Client/UEProj/Content/FirstPerson/Input/Actions/IA_Shoot.uasset" 897
"A:/GameDev/Projs/T_UE_Client/UEProj/Content/FirstPerson/Input/Actions/IA_Shoot.uexp" 898
"A:/GameDev/Projs/T_UE_Client/UEProj/Content/FirstPerson/Input/IMC_Weapons.uasset" 899
"A:/GameDev/Projs/T_UE_Client/UEProj/Content/FirstPerson/Input/IMC_Weapons.uexp" 900
"A:/GameDev/Projs/T_UE_Client/UEProj/Content/FPWeapon/Mesh/SK_FPGun_Skeleton.uasset" 901
"A:/GameDev/Projs/T_UE_Client/UEProj/Content/FPWeapon/Mesh/SK_FPGun_Skeleton.uexp" 902
"A:/GameDev/Projs/T_UE_Client/UEProj/Content/FPWeapon/Materials/MaterialLayers/T_ML_Rubber_Blue_01_D.ubulk" 903
"A:/GameDev/Projs/T_UE_Client/UEProj/Content/FPWeapon/Materials/MaterialLayers/T_ML_Rubber_Blue_01_D.uasset" 904
"A:/GameDev/Projs/T_UE_Client/UEProj/Content/FPWeapon/Materials/MaterialLayers/T_ML_Rubber_Blue_01_D.uexp" 905
"A:/GameDev/Projs/T_UE_Client/UEProj/Content/FPWeapon/Textures/T_FPGun_N.ubulk" 906
"A:/GameDev/Projs/T_UE_Client/UEProj/Content/FPWeapon/Textures/T_FPGun_N.uasset" 907
"A:/GameDev/Projs/T_UE_Client/UEProj/Content/FPWeapon/Textures/T_FPGun_N.uexp" 908
"../../../Engine/Content/Functions/Engine_MaterialFunctions02/Utility/BlendAngleCorrectedNormals.uasset" 909
"../../../Engine/Content/Functions/Engine_MaterialFunctions02/Utility/BlendAngleCorrectedNormals.uexp" 910
"../../../Engine/Content/Functions/MaterialLayerFunctions/MatLayerBlend_NormalBlend.uasset" 911
"../../../Engine/Content/Functions/MaterialLayerFunctions/MatLayerBlend_NormalBlend.uexp" 912
"A:/GameDev/Projs/T_UE_Client/UEProj/Content/FPWeapon/Materials/MaterialLayers/T_ML_Rubber_Blue_01_N.ubulk" 913
"A:/GameDev/Projs/T_UE_Client/UEProj/Content/FPWeapon/Materials/MaterialLayers/T_ML_Rubber_Blue_01_N.uasset" 914
"A:/GameDev/Projs/T_UE_Client/UEProj/Content/FPWeapon/Materials/MaterialLayers/T_ML_Rubber_Blue_01_N.uexp" 915
"A:/GameDev/Projs/T_UE_Client/UEProj/Content/FPWeapon/Materials/MaterialLayers/ML_Screen.uasset" 916
"A:/GameDev/Projs/T_UE_Client/UEProj/Content/FPWeapon/Materials/MaterialLayers/ML_Screen.uexp" 917
"A:/GameDev/Projs/T_UE_Client/UEProj/Content/FPWeapon/Materials/MaterialLayers/T_ML_Aluminum01_N.ubulk" 918
"A:/GameDev/Projs/T_UE_Client/UEProj/Content/FPWeapon/Materials/MaterialLayers/T_ML_Aluminum01_N.uasset" 919
"A:/GameDev/Projs/T_UE_Client/UEProj/Content/FPWeapon/Materials/MaterialLayers/T_ML_Aluminum01_N.uexp" 920
"A:/GameDev/Projs/T_UE_Client/UEProj/Content/FPWeapon/Materials/MaterialLayers/T_ML_Aluminum01.ubulk" 921
"A:/GameDev/Projs/T_UE_Client/UEProj/Content/FPWeapon/Materials/MaterialLayers/T_ML_Aluminum01.uasset" 922
"A:/GameDev/Projs/T_UE_Client/UEProj/Content/FPWeapon/Materials/MaterialLayers/T_ML_Aluminum01.uexp" 923
"A:/GameDev/Projs/T_UE_Client/UEProj/Content/FPWeapon/Materials/MaterialLayers/ML_SoftMetal_UE4.uasset" 924
"A:/GameDev/Projs/T_UE_Client/UEProj/Content/FPWeapon/Materials/MaterialLayers/ML_SoftMetal_UE4.uexp" 925
"../../../Engine/Content/Functions/MaterialLayerFunctions/MatLayerBlend_Simple.uasset" 926
"../../../Engine/Content/Functions/MaterialLayerFunctions/MatLayerBlend_Simple.uexp" 927
"A:/GameDev/Projs/T_UE_Client/UEProj/Content/FPWeapon/Textures/T_FPGun_M.ubulk" 928
"A:/GameDev/Projs/T_UE_Client/UEProj/Content/FPWeapon/Textures/T_FPGun_M.uasset" 929
"A:/GameDev/Projs/T_UE_Client/UEProj/Content/FPWeapon/Textures/T_FPGun_M.uexp" 930
"A:/GameDev/Projs/T_UE_Client/UEProj/Content/FPWeapon/Materials/MaterialLayers/ML_Plastic_Shiny_Beige.uasset" 931
"A:/GameDev/Projs/T_UE_Client/UEProj/Content/FPWeapon/Materials/MaterialLayers/ML_Plastic_Shiny_Beige.uexp" 932
"A:/GameDev/Projs/T_UE_Client/UEProj/Content/FPWeapon/Materials/MaterialLayers/ML_GlossyBlack_Latex_UE4.uasset" 933
"A:/GameDev/Projs/T_UE_Client/UEProj/Content/FPWeapon/Materials/MaterialLayers/ML_GlossyBlack_Latex_UE4.uexp" 934
"A:/GameDev/Projs/T_UE_Client/UEProj/Content/FPWeapon/Materials/M_FPGun.uasset" 935
"A:/GameDev/Projs/T_UE_Client/UEProj/Content/FPWeapon/Materials/M_FPGun.uexp" 936
"A:/GameDev/Projs/T_UE_Client/UEProj/Content/FPWeapon/Mesh/SK_FPGun_Physics.uasset" 937
"A:/GameDev/Projs/T_UE_Client/UEProj/Content/FPWeapon/Mesh/SK_FPGun_Physics.uexp" 938
"A:/GameDev/Projs/T_UE_Client/UEProj/Content/FPWeapon/Mesh/SK_FPGun.uasset" 939
"A:/GameDev/Projs/T_UE_Client/UEProj/Content/FPWeapon/Mesh/SK_FPGun.uexp" 940
"A:/GameDev/Projs/T_UE_Client/UEProj/Content/FPWeapon/Audio/FirstPersonTemplateWeaponFire02.ubulk" 941
"A:/GameDev/Projs/T_UE_Client/UEProj/Content/FPWeapon/Audio/FirstPersonTemplateWeaponFire02.uasset" 942
"A:/GameDev/Projs/T_UE_Client/UEProj/Content/FPWeapon/Audio/FirstPersonTemplateWeaponFire02.uexp" 943
"A:/GameDev/Projs/T_UE_Client/UEProj/Content/FPWeapon/Materials/BaseMaterial.uasset" 944
"A:/GameDev/Projs/T_UE_Client/UEProj/Content/FPWeapon/Materials/BaseMaterial.uexp" 945
"A:/GameDev/Projs/T_UE_Client/UEProj/Content/FPWeapon/Materials/FirstPersonProjectileMaterial.uasset" 946
"A:/GameDev/Projs/T_UE_Client/UEProj/Content/FPWeapon/Materials/FirstPersonProjectileMaterial.uexp" 947
"A:/GameDev/Projs/T_UE_Client/UEProj/Content/FPWeapon/Mesh/FirstPersonProjectileMesh.ubulk" 948
"A:/GameDev/Projs/T_UE_Client/UEProj/Content/FPWeapon/Mesh/FirstPersonProjectileMesh.uasset" 949
"A:/GameDev/Projs/T_UE_Client/UEProj/Content/FPWeapon/Mesh/FirstPersonProjectileMesh.uexp" 950
"A:/GameDev/Projs/T_UE_Client/UEProj/Content/FirstPerson/Blueprints/BP_FirstPersonProjectile.uasset" 951
"A:/GameDev/Projs/T_UE_Client/UEProj/Content/FirstPerson/Blueprints/BP_FirstPersonProjectile.uexp" 952
"../../../Engine/Content/Animation/DefaultAnimCurveCompressionSettings.uasset" 953
"../../../Engine/Content/Animation/DefaultAnimCurveCompressionSettings.uexp" 954
"../../../Engine/Content/Animation/DefaultAnimBoneCompressionSettings.uasset" 955
"../../../Engine/Content/Animation/DefaultAnimBoneCompressionSettings.uexp" 956
"A:/GameDev/Projs/T_UE_Client/UEProj/Content/FirstPersonArms/Character/Mesh/SK_Mannequin_Arms_Skeleton.uasset" 957
"A:/GameDev/Projs/T_UE_Client/UEProj/Content/FirstPersonArms/Character/Mesh/SK_Mannequin_Arms_Skeleton.uexp" 958
"A:/GameDev/Projs/T_UE_Client/UEProj/Content/FirstPersonArms/Animations/FP_Rifle_Fire.uasset" 959
"A:/GameDev/Projs/T_UE_Client/UEProj/Content/FirstPersonArms/Animations/FP_Rifle_Fire.uexp" 960
"A:/GameDev/Projs/T_UE_Client/UEProj/Content/FirstPersonArms/Animations/FP_Rifle_Shoot_Montage.uasset" 961
"A:/GameDev/Projs/T_UE_Client/UEProj/Content/FirstPersonArms/Animations/FP_Rifle_Shoot_Montage.uexp" 962
"A:/GameDev/Projs/T_UE_Client/UEProj/Content/FirstPersonArms/Animations/FP_Rifle_Idle.uasset" 963
"A:/GameDev/Projs/T_UE_Client/UEProj/Content/FirstPersonArms/Animations/FP_Rifle_Idle.uexp" 964
"A:/GameDev/Projs/T_UE_Client/UEProj/Content/FirstPersonArms/Animations/FP_Rifle_Land.uasset" 965
"A:/GameDev/Projs/T_UE_Client/UEProj/Content/FirstPersonArms/Animations/FP_Rifle_Land.uexp" 966
"A:/GameDev/Projs/T_UE_Client/UEProj/Content/FirstPersonArms/Animations/FP_Rifle_Run.uasset" 967
"A:/GameDev/Projs/T_UE_Client/UEProj/Content/FirstPersonArms/Animations/FP_Rifle_Run.uexp" 968
"A:/GameDev/Projs/T_UE_Client/UEProj/Content/FirstPersonArms/Animations/FP_Rifle_Falling.uasset" 969
"A:/GameDev/Projs/T_UE_Client/UEProj/Content/FirstPersonArms/Animations/FP_Rifle_Falling.uexp" 970
"../../../Engine/Content/Animation/DefaultRecorderBoneCompression.uasset" 971
"../../../Engine/Content/Animation/DefaultRecorderBoneCompression.uexp" 972
"A:/GameDev/Projs/T_UE_Client/UEProj/Content/FirstPersonArms/Animations/FP_Idle.uasset" 973
"A:/GameDev/Projs/T_UE_Client/UEProj/Content/FirstPersonArms/Animations/FP_Idle.uexp" 974
"A:/GameDev/Projs/T_UE_Client/UEProj/Content/FirstPersonArms/Animations/FP_Jump.uasset" 975
"A:/GameDev/Projs/T_UE_Client/UEProj/Content/FirstPersonArms/Animations/FP_Jump.uexp" 976
"A:/GameDev/Projs/T_UE_Client/UEProj/Content/FirstPersonArms/Animations/FP_Run_Fwd.uasset" 977
"A:/GameDev/Projs/T_UE_Client/UEProj/Content/FirstPersonArms/Animations/FP_Run_Fwd.uexp" 978
"A:/GameDev/Projs/T_UE_Client/UEProj/Content/FirstPersonArms/Animations/FP_Land.uasset" 979
"A:/GameDev/Projs/T_UE_Client/UEProj/Content/FirstPersonArms/Animations/FP_Land.uexp" 980
"A:/GameDev/Projs/T_UE_Client/UEProj/Content/FirstPersonArms/Animations/FP_Falling.uasset" 981
"A:/GameDev/Projs/T_UE_Client/UEProj/Content/FirstPersonArms/Animations/FP_Falling.uexp" 982
"../../../Engine/Content/Animation/DefaultVariableFrameStrippingSettings.uasset" 983
"../../../Engine/Content/Animation/DefaultVariableFrameStrippingSettings.uexp" 984
"A:/GameDev/Projs/T_UE_Client/UEProj/Content/FirstPersonArms/Animations/FP_Rifle_Jump.uasset" 985
"A:/GameDev/Projs/T_UE_Client/UEProj/Content/FirstPersonArms/Animations/FP_Rifle_Jump.uexp" 986
"../../../Engine/Content/EditorBlueprintResources/StandardMacros.uasset" 987
"../../../Engine/Content/EditorBlueprintResources/StandardMacros.uexp" 988
"A:/GameDev/Projs/T_UE_Client/UEProj/Content/FirstPerson/Input/Actions/IA_Look.uasset" 989
"A:/GameDev/Projs/T_UE_Client/UEProj/Content/FirstPerson/Input/Actions/IA_Look.uexp" 990
"A:/GameDev/Projs/T_UE_Client/UEProj/Content/FirstPersonArms/Character/Textures/Manny/T_Manny_02_N.ubulk" 991
"A:/GameDev/Projs/T_UE_Client/UEProj/Content/FirstPersonArms/Character/Textures/Manny/T_Manny_02_N.uasset" 992
"A:/GameDev/Projs/T_UE_Client/UEProj/Content/FirstPersonArms/Character/Textures/Manny/T_Manny_02_N.uexp" 993
"A:/GameDev/Projs/T_UE_Client/UEProj/Content/FirstPersonArms/Character/Textures/Manny/T_Manny_02_BN.ubulk" 994
"A:/GameDev/Projs/T_UE_Client/UEProj/Content/FirstPersonArms/Character/Textures/Manny/T_Manny_02_BN.uasset" 995
"A:/GameDev/Projs/T_UE_Client/UEProj/Content/FirstPersonArms/Character/Textures/Manny/T_Manny_02_BN.uexp" 996
"A:/GameDev/Projs/T_UE_Client/UEProj/Content/FirstPersonArms/Character/Textures/Manny/T_Manny_02_ASAOPMASK_MSK.ubulk" 997
"A:/GameDev/Projs/T_UE_Client/UEProj/Content/FirstPersonArms/Character/Textures/Manny/T_Manny_02_ASAOPMASK_MSK.uasset" 998
"A:/GameDev/Projs/T_UE_Client/UEProj/Content/FirstPersonArms/Character/Textures/Manny/T_Manny_02_ASAOPMASK_MSK.uexp" 999
"A:/GameDev/Projs/T_UE_Client/UEProj/Content/FirstPersonArms/Character/Textures/Manny/T_Manny_01_ASAOPMASK_MSK.ubulk" 1000
"A:/GameDev/Projs/T_UE_Client/UEProj/Content/FirstPersonArms/Character/Textures/Manny/T_Manny_01_ASAOPMASK_MSK.uasset" 1001
"A:/GameDev/Projs/T_UE_Client/UEProj/Content/FirstPersonArms/Character/Textures/Manny/T_Manny_01_ASAOPMASK_MSK.uexp" 1002
"A:/GameDev/Projs/T_UE_Client/UEProj/Content/FirstPersonArms/Character/Textures/Manny/T_Manny_01_CCRCCPlastic_MSK.ubulk" 1003
"A:/GameDev/Projs/T_UE_Client/UEProj/Content/FirstPersonArms/Character/Textures/Manny/T_Manny_01_CCRCCPlastic_MSK.uasset" 1004
"A:/GameDev/Projs/T_UE_Client/UEProj/Content/FirstPersonArms/Character/Textures/Manny/T_Manny_01_CCRCCPlastic_MSK.uexp" 1005
"A:/GameDev/Projs/T_UE_Client/UEProj/Content/FirstPersonArms/Character/Textures/Manny/T_Manny_01_Tan.ubulk" 1006
"A:/GameDev/Projs/T_UE_Client/UEProj/Content/FirstPersonArms/Character/Textures/Manny/T_Manny_01_Tan.uasset" 1007
"A:/GameDev/Projs/T_UE_Client/UEProj/Content/FirstPersonArms/Character/Textures/Manny/T_Manny_01_Tan.uexp" 1008
"A:/GameDev/Projs/T_UE_Client/UEProj/Content/FirstPersonArms/Character/Textures/Manny/T_Manny_01_BN.ubulk" 1009
"A:/GameDev/Projs/T_UE_Client/UEProj/Content/FirstPersonArms/Character/Textures/Manny/T_Manny_01_BN.uasset" 1010
"A:/GameDev/Projs/T_UE_Client/UEProj/Content/FirstPersonArms/Character/Textures/Manny/T_Manny_01_BN.uexp" 1011
"A:/GameDev/Projs/T_UE_Client/UEProj/Content/FirstPersonArms/Character/Textures/Manny/T_Manny_01_MSR_MSK.ubulk" 1012
"A:/GameDev/Projs/T_UE_Client/UEProj/Content/FirstPersonArms/Character/Textures/Manny/T_Manny_01_MSR_MSK.uasset" 1013
"A:/GameDev/Projs/T_UE_Client/UEProj/Content/FirstPersonArms/Character/Textures/Manny/T_Manny_01_MSR_MSK.uexp" 1014
"A:/GameDev/Projs/T_UE_Client/UEProj/Content/FirstPersonArms/Character/Textures/Manny/T_Manny_01_N.ubulk" 1015
"A:/GameDev/Projs/T_UE_Client/UEProj/Content/FirstPersonArms/Character/Textures/Manny/T_Manny_01_N.uasset" 1016
"A:/GameDev/Projs/T_UE_Client/UEProj/Content/FirstPersonArms/Character/Textures/Manny/T_Manny_01_N.uexp" 1017
"A:/GameDev/Projs/T_UE_Client/UEProj/Content/FirstPersonArms/Character/Textures/Manny/T_Manny_01_D.ubulk" 1018
"A:/GameDev/Projs/T_UE_Client/UEProj/Content/FirstPersonArms/Character/Textures/Manny/T_Manny_01_D.uasset" 1019
"A:/GameDev/Projs/T_UE_Client/UEProj/Content/FirstPersonArms/Character/Textures/Manny/T_Manny_01_D.uexp" 1020
"A:/GameDev/Projs/T_UE_Client/UEProj/Content/FirstPersonArms/Character/Materials/Functions/ChromaticCurve.uasset" 1021
"A:/GameDev/Projs/T_UE_Client/UEProj/Content/FirstPersonArms/Character/Materials/Functions/ChromaticCurve.uexp" 1022
"A:/GameDev/Projs/T_UE_Client/UEProj/Content/FirstPersonArms/Character/Materials/Functions/CA_Mannequin.uasset" 1023
"A:/GameDev/Projs/T_UE_Client/UEProj/Content/FirstPersonArms/Character/Materials/Functions/CA_Mannequin.uexp" 1024
"A:/GameDev/Projs/T_UE_Client/UEProj/Content/FirstPersonArms/Character/Materials/Functions/MF_Diffraction.uasset" 1025
"A:/GameDev/Projs/T_UE_Client/UEProj/Content/FirstPersonArms/Character/Materials/Functions/MF_Diffraction.uexp" 1026
"../../../Engine/Content/Functions/Engine_MaterialFunctions01/Texturing/ScaleUVsByCenter.uasset" 1027
"../../../Engine/Content/Functions/Engine_MaterialFunctions01/Texturing/ScaleUVsByCenter.uexp" 1028
"A:/GameDev/Projs/T_UE_Client/UEProj/Content/FirstPersonArms/Character/Textures/Shared/T_UE_Logo_M.uasset" 1029
"A:/GameDev/Projs/T_UE_Client/UEProj/Content/FirstPersonArms/Character/Textures/Shared/T_UE_Logo_M.uexp" 1030
"A:/GameDev/Projs/T_UE_Client/UEProj/Content/FirstPersonArms/Character/Materials/Functions/MF_logo3layers.uasset" 1031
"A:/GameDev/Projs/T_UE_Client/UEProj/Content/FirstPersonArms/Character/Materials/Functions/MF_logo3layers.uexp" 1032
"A:/GameDev/Projs/T_UE_Client/UEProj/Content/FirstPersonArms/Character/Materials/Functions/ML_BaseColorFallOff.uasset" 1033
"A:/GameDev/Projs/T_UE_Client/UEProj/Content/FirstPersonArms/Character/Materials/Functions/ML_BaseColorFallOff.uexp" 1034
"A:/GameDev/Projs/T_UE_Client/UEProj/Content/FirstPersonArms/Character/Materials/M_Mannequin.uasset" 1035
"A:/GameDev/Projs/T_UE_Client/UEProj/Content/FirstPersonArms/Character/Materials/M_Mannequin.uexp" 1036
"A:/GameDev/Projs/T_UE_Client/UEProj/Content/FirstPersonArms/Character/Materials/Instances/Manny/MI_Manny_01.uasset" 1037
"A:/GameDev/Projs/T_UE_Client/UEProj/Content/FirstPersonArms/Character/Materials/Instances/Manny/MI_Manny_01.uexp" 1038
"A:/GameDev/Projs/T_UE_Client/UEProj/Content/FirstPersonArms/Character/Textures/Manny/T_Manny_02_CCRCCPlastic_MSK.ubulk" 1039
"A:/GameDev/Projs/T_UE_Client/UEProj/Content/FirstPersonArms/Character/Textures/Manny/T_Manny_02_CCRCCPlastic_MSK.uasset" 1040
"A:/GameDev/Projs/T_UE_Client/UEProj/Content/FirstPersonArms/Character/Textures/Manny/T_Manny_02_CCRCCPlastic_MSK.uexp" 1041
"A:/GameDev/Projs/T_UE_Client/UEProj/Content/FirstPersonArms/Character/Textures/Manny/T_Manny_02_MSR_MSK.ubulk" 1042
"A:/GameDev/Projs/T_UE_Client/UEProj/Content/FirstPersonArms/Character/Textures/Manny/T_Manny_02_MSR_MSK.uasset" 1043
"A:/GameDev/Projs/T_UE_Client/UEProj/Content/FirstPersonArms/Character/Textures/Manny/T_Manny_02_MSR_MSK.uexp" 1044
"A:/GameDev/Projs/T_UE_Client/UEProj/Content/FirstPersonArms/Character/Textures/Manny/T_Manny_02_D.ubulk" 1045
"A:/GameDev/Projs/T_UE_Client/UEProj/Content/FirstPersonArms/Character/Textures/Manny/T_Manny_02_D.uasset" 1046
"A:/GameDev/Projs/T_UE_Client/UEProj/Content/FirstPersonArms/Character/Textures/Manny/T_Manny_02_D.uexp" 1047
"A:/GameDev/Projs/T_UE_Client/UEProj/Content/FirstPersonArms/Character/Textures/Manny/T_Manny_02_Tan.ubulk" 1048
"A:/GameDev/Projs/T_UE_Client/UEProj/Content/FirstPersonArms/Character/Textures/Manny/T_Manny_02_Tan.uasset" 1049
"A:/GameDev/Projs/T_UE_Client/UEProj/Content/FirstPersonArms/Character/Textures/Manny/T_Manny_02_Tan.uexp" 1050
"A:/GameDev/Projs/T_UE_Client/UEProj/Content/FirstPersonArms/Character/Materials/Instances/Manny/MI_Manny_02.uasset" 1051
"A:/GameDev/Projs/T_UE_Client/UEProj/Content/FirstPersonArms/Character/Materials/Instances/Manny/MI_Manny_02.uexp" 1052
"A:/GameDev/Projs/T_UE_Client/UEProj/Content/FirstPersonArms/Character/Mesh/SK_Mannequin_Arms_PhysicsAsset.uasset" 1053
"A:/GameDev/Projs/T_UE_Client/UEProj/Content/FirstPersonArms/Character/Mesh/SK_Mannequin_Arms_PhysicsAsset.uexp" 1054
"A:/GameDev/Projs/T_UE_Client/UEProj/Content/FirstPersonArms/Character/Mesh/SK_Mannequin_Arms.uasset" 1055
"A:/GameDev/Projs/T_UE_Client/UEProj/Content/FirstPersonArms/Character/Mesh/SK_Mannequin_Arms.uexp" 1056
"A:/GameDev/Projs/T_UE_Client/UEProj/Content/FirstPerson/Input/Actions/IA_Move.uasset" 1057
"A:/GameDev/Projs/T_UE_Client/UEProj/Content/FirstPerson/Input/Actions/IA_Move.uexp" 1058
"A:/GameDev/Projs/T_UE_Client/UEProj/Content/FirstPerson/Input/Actions/IA_Jump.uasset" 1059
"A:/GameDev/Projs/T_UE_Client/UEProj/Content/FirstPerson/Input/Actions/IA_Jump.uexp" 1060
"A:/GameDev/Projs/T_UE_Client/UEProj/Content/FirstPerson/Blueprints/BP_FirstPersonCharacter.uasset" 1061
"A:/GameDev/Projs/T_UE_Client/UEProj/Content/FirstPerson/Blueprints/BP_FirstPersonCharacter.uexp" 1062
"A:/GameDev/Projs/T_UE_Client/UEProj/Content/FirstPersonArms/Animations/FirstPerson_AnimBP.uasset" 1063
"A:/GameDev/Projs/T_UE_Client/UEProj/Content/FirstPersonArms/Animations/FirstPerson_AnimBP.uexp" 1064
"A:/GameDev/Projs/T_UE_Client/UEProj/Content/FirstPerson/Blueprints/BP_PickUp_Rifle.uasset" 1065
"A:/GameDev/Projs/T_UE_Client/UEProj/Content/FirstPerson/Blueprints/BP_PickUp_Rifle.uexp" 1066
"../../../Engine/Content/Maps/Entry_BuiltData.uasset" 1067
"../../../Engine/Content/Maps/Entry_BuiltData.uexp" 1068
"../../../Engine/Content/Maps/Entry.uexp" 1069
"../../../Engine/Content/Maps/Entry.umap" 1070
"A:/GameDev/Projs/T_UE_Client/UEProj/Content/FirstPerson/Input/IMC_Default.uasset" 1071
"A:/GameDev/Projs/T_UE_Client/UEProj/Content/FirstPerson/Input/IMC_Default.uexp" 1072
"A:/GameDev/Projs/T_UE_Client/UEProj/Content/FirstPerson/Blueprints/BP_FirstPersonPlayerController.uasset" 1073
"A:/GameDev/Projs/T_UE_Client/UEProj/Content/FirstPerson/Blueprints/BP_FirstPersonPlayerController.uexp" 1074
"A:/GameDev/Projs/T_UE_Client/UEProj/Content/FirstPerson/Blueprints/BP_FirstPersonGameMode.uasset" 1075
"A:/GameDev/Projs/T_UE_Client/UEProj/Content/FirstPerson/Blueprints/BP_FirstPersonGameMode.uexp" 1076
"A:/GameDev/Projs/T_UE_Client/UEProj/Content/FirstPerson/Maps/FirstPersonMap.uexp" 1077
"A:/GameDev/Projs/T_UE_Client/UEProj/Content/FirstPerson/Maps/FirstPersonMap.umap" 1078
